|--- feature_7 <= 0.50
|   |--- feature_6 <= 3.50
|   |   |--- feature_11 <= 1.50
|   |   |   |--- feature_16 <= 2.50
|   |   |   |   |--- feature_17 <= 3.50
|   |   |   |   |   |--- feature_6 <= 0.50
|   |   |   |   |   |   |--- feature_15 <= 2.50
|   |   |   |   |   |   |   |--- feature_14 <= 1.50
|   |   |   |   |   |   |   |   |--- class: 34
|   |   |   |   |   |   |   |--- feature_14 >  1.50
|   |   |   |   |   |   |   |   |--- class: 44
|   |   |   |   |   |   |--- feature_15 >  2.50
|   |   |   |   |   |   |   |--- feature_18 <= 3.00
|   |   |   |   |   |   |   |   |--- feature_0 <= 3.00
|   |   |   |   |   |   |   |   |   |--- class: 45
|   |   |   |   |   |   |   |   |--- feature_0 >  3.00
|   |   |   |   |   |   |   |   |   |--- feature_8 <= 2.00
|   |   |   |   |   |   |   |   |   |   |--- class: 54
|   |   |   |   |   |   |   |   |   |--- feature_8 >  2.00
|   |   |   |   |   |   |   |   |   |   |--- class: 33
|   |   |   |   |   |   |   |--- feature_18 >  3.00
|   |   |   |   |   |   |   |   |--- class: 51
|   |   |   |   |   |--- feature_6 >  0.50
|   |   |   |   |   |   |--- feature_0 <= 0.50
|   |   |   |   |   |   |   |--- feature_2 <= 1.50
|   |   |   |   |   |   |   |   |--- class: 36
|   |   |   |   |   |   |   |--- feature_2 >  1.50
|   |   |   |   |   |   |   |   |--- feature_5 <= 3.50
|   |   |   |   |   |   |   |   |   |--- class: 37
|   |   |   |   |   |   |   |   |--- feature_5 >  3.50
|   |   |   |   |   |   |   |   |   |--- class: 38
|   |   |   |   |   |   |--- feature_0 >  0.50
|   |   |   |   |   |   |   |--- feature_1 <= 3.50
|   |   |   |   |   |   |   |   |--- feature_4 <= 2.50
|   |   |   |   |   |   |   |   |   |--- feature_2 <= 0.50
|   |   |   |   |   |   |   |   |   |   |--- class: 46
|   |   |   |   |   |   |   |   |   |--- feature_2 >  0.50
|   |   |   |   |   |   |   |   |   |   |--- feature_8 <= 0.50
|   |   |   |   |   |   |   |   |   |   |   |--- class: 50
|   |   |   |   |   |   |   |   |   |   |--- feature_8 >  0.50
|   |   |   |   |   |   |   |   |   |   |   |--- truncated branch of depth 8
|   |   |   |   |   |   |   |   |--- feature_4 >  2.50
|   |   |   |   |   |   |   |   |   |--- feature_18 <= 1.50
|   |   |   |   |   |   |   |   |   |   |--- feature_10 <= 1.50
|   |   |   |   |   |   |   |   |   |   |   |--- class: 39
|   |   |   |   |   |   |   |   |   |   |--- feature_10 >  1.50
|   |   |   |   |   |   |   |   |   |   |   |--- truncated branch of depth 2
|   |   |   |   |   |   |   |   |   |--- feature_18 >  1.50
|   |   |   |   |   |   |   |   |   |   |--- feature_17 <= 2.50
|   |   |   |   |   |   |   |   |   |   |   |--- class: 41
|   |   |   |   |   |   |   |   |   |   |--- feature_17 >  2.50
|   |   |   |   |   |   |   |   |   |   |   |--- class: 59
|   |   |   |   |   |   |   |--- feature_1 >  3.50
|   |   |   |   |   |   |   |   |--- feature_19 <= 1.50
|   |   |   |   |   |   |   |   |   |--- feature_9 <= 1.50
|   |   |   |   |   |   |   |   |   |   |--- class: 57
|   |   |   |   |   |   |   |   |   |--- feature_9 >  1.50
|   |   |   |   |   |   |   |   |   |   |--- class: 42
|   |   |   |   |   |   |   |   |--- feature_19 >  1.50
|   |   |   |   |   |   |   |   |   |--- feature_15 <= 3.50
|   |   |   |   |   |   |   |   |   |   |--- class: 46
|   |   |   |   |   |   |   |   |   |--- feature_15 >  3.50
|   |   |   |   |   |   |   |   |   |   |--- class: 32
|   |   |   |   |--- feature_17 >  3.50
|   |   |   |   |   |--- feature_5 <= 3.50
|   |   |   |   |   |   |--- feature_10 <= 3.50
|   |   |   |   |   |   |   |--- feature_10 <= 1.50
|   |   |   |   |   |   |   |   |--- feature_2 <= 1.50
|   |   |   |   |   |   |   |   |   |--- feature_19 <= 2.50
|   |   |   |   |   |   |   |   |   |   |--- class: 45
|   |   |   |   |   |   |   |   |   |--- feature_19 >  2.50
|   |   |   |   |   |   |   |   |   |   |--- class: 40
|   |   |   |   |   |   |   |   |--- feature_2 >  1.50
|   |   |   |   |   |   |   |   |   |--- class: 41
|   |   |   |   |   |   |   |--- feature_10 >  1.50
|   |   |   |   |   |   |   |   |--- feature_19 <= 0.50
|   |   |   |   |   |   |   |   |   |--- class: 56
|   |   |   |   |   |   |   |   |--- feature_19 >  0.50
|   |   |   |   |   |   |   |   |   |--- class: 48
|   |   |   |   |   |   |--- feature_10 >  3.50
|   |   |   |   |   |   |   |--- class: 41
|   |   |   |   |   |--- feature_5 >  3.50
|   |   |   |   |   |   |--- feature_9 <= 1.50
|   |   |   |   |   |   |   |--- class: 38
|   |   |   |   |   |   |--- feature_9 >  1.50
|   |   |   |   |   |   |   |--- feature_12 <= 1.50
|   |   |   |   |   |   |   |   |--- class: 46
|   |   |   |   |   |   |   |--- feature_12 >  1.50
|   |   |   |   |   |   |   |   |--- class: 33
|   |   |   |--- feature_16 >  2.50
|   |   |   |   |--- feature_18 <= 0.50
|   |   |   |   |   |--- feature_3 <= 2.00
|   |   |   |   |   |   |--- feature_1 <= 2.00
|   |   |   |   |   |   |   |--- class: 36
|   |   |   |   |   |   |--- feature_1 >  2.00
|   |   |   |   |   |   |   |--- feature_2 <= 3.50
|   |   |   |   |   |   |   |   |--- class: 37
|   |   |   |   |   |   |   |--- feature_2 >  3.50
|   |   |   |   |   |   |   |   |--- class: 47
|   |   |   |   |   |--- feature_3 >  2.00
|   |   |   |   |   |   |--- feature_1 <= 0.50
|   |   |   |   |   |   |   |--- class: 43
|   |   |   |   |   |   |--- feature_1 >  0.50
|   |   |   |   |   |   |   |--- feature_3 <= 3.50
|   |   |   |   |   |   |   |   |--- class: 43
|   |   |   |   |   |   |   |--- feature_3 >  3.50
|   |   |   |   |   |   |   |   |--- class: 57
|   |   |   |   |--- feature_18 >  0.50
|   |   |   |   |   |--- feature_0 <= 3.50
|   |   |   |   |   |   |--- feature_5 <= 0.50
|   |   |   |   |   |   |   |--- class: 45
|   |   |   |   |   |   |--- feature_5 >  0.50
|   |   |   |   |   |   |   |--- feature_15 <= 0.50
|   |   |   |   |   |   |   |   |--- feature_17 <= 2.50
|   |   |   |   |   |   |   |   |   |--- class: 45
|   |   |   |   |   |   |   |   |--- feature_17 >  2.50
|   |   |   |   |   |   |   |   |   |--- feature_12 <= 2.00
|   |   |   |   |   |   |   |   |   |   |--- class: 43
|   |   |   |   |   |   |   |   |   |--- feature_12 >  2.00
|   |   |   |   |   |   |   |   |   |   |--- class: 54
|   |   |   |   |   |   |   |--- feature_15 >  0.50
|   |   |   |   |   |   |   |   |--- feature_19 <= 0.50
|   |   |   |   |   |   |   |   |   |--- feature_1 <= 0.50
|   |   |   |   |   |   |   |   |   |   |--- class: 39
|   |   |   |   |   |   |   |   |   |--- feature_1 >  0.50
|   |   |   |   |   |   |   |   |   |   |--- feature_0 <= 1.50
|   |   |   |   |   |   |   |   |   |   |   |--- truncated branch of depth 2
|   |   |   |   |   |   |   |   |   |   |--- feature_0 >  1.50
|   |   |   |   |   |   |   |   |   |   |   |--- class: 43
|   |   |   |   |   |   |   |   |--- feature_19 >  0.50
|   |   |   |   |   |   |   |   |   |--- feature_4 <= 1.50
|   |   |   |   |   |   |   |   |   |   |--- feature_13 <= 2.50
|   |   |   |   |   |   |   |   |   |   |   |--- truncated branch of depth 2
|   |   |   |   |   |   |   |   |   |   |--- feature_13 >  2.50
|   |   |   |   |   |   |   |   |   |   |   |--- class: 46
|   |   |   |   |   |   |   |   |   |--- feature_4 >  1.50
|   |   |   |   |   |   |   |   |   |   |--- feature_1 <= 1.50
|   |   |   |   |   |   |   |   |   |   |   |--- truncated branch of depth 2
|   |   |   |   |   |   |   |   |   |   |--- feature_1 >  1.50
|   |   |   |   |   |   |   |   |   |   |   |--- truncated branch of depth 4
|   |   |   |   |   |--- feature_0 >  3.50
|   |   |   |   |   |   |--- class: 45
|   |   |--- feature_11 >  1.50
|   |   |   |--- feature_8 <= 3.50
|   |   |   |   |--- feature_17 <= 2.50
|   |   |   |   |   |--- feature_3 <= 3.50
|   |   |   |   |   |   |--- feature_15 <= 2.50
|   |   |   |   |   |   |   |--- feature_10 <= 3.50
|   |   |   |   |   |   |   |   |--- feature_17 <= 1.50
|   |   |   |   |   |   |   |   |   |--- feature_12 <= 3.50
|   |   |   |   |   |   |   |   |   |   |--- feature_6 <= 0.50
|   |   |   |   |   |   |   |   |   |   |   |--- class: 39
|   |   |   |   |   |   |   |   |   |   |--- feature_6 >  0.50
|   |   |   |   |   |   |   |   |   |   |   |--- truncated branch of depth 2
|   |   |   |   |   |   |   |   |   |--- feature_12 >  3.50
|   |   |   |   |   |   |   |   |   |   |--- feature_2 <= 2.50
|   |   |   |   |   |   |   |   |   |   |   |--- truncated branch of depth 5
|   |   |   |   |   |   |   |   |   |   |--- feature_2 >  2.50
|   |   |   |   |   |   |   |   |   |   |   |--- class: 48
|   |   |   |   |   |   |   |   |--- feature_17 >  1.50
|   |   |   |   |   |   |   |   |   |--- feature_11 <= 2.50
|   |   |   |   |   |   |   |   |   |   |--- class: 41
|   |   |   |   |   |   |   |   |   |--- feature_11 >  2.50
|   |   |   |   |   |   |   |   |   |   |--- feature_14 <= 1.50
|   |   |   |   |   |   |   |   |   |   |   |--- truncated branch of depth 2
|   |   |   |   |   |   |   |   |   |   |--- feature_14 >  1.50
|   |   |   |   |   |   |   |   |   |   |   |--- truncated branch of depth 4
|   |   |   |   |   |   |   |--- feature_10 >  3.50
|   |   |   |   |   |   |   |   |--- feature_13 <= 1.50
|   |   |   |   |   |   |   |   |   |--- class: 38
|   |   |   |   |   |   |   |   |--- feature_13 >  1.50
|   |   |   |   |   |   |   |   |   |--- feature_18 <= 0.50
|   |   |   |   |   |   |   |   |   |   |--- class: 52
|   |   |   |   |   |   |   |   |   |--- feature_18 >  0.50
|   |   |   |   |   |   |   |   |   |   |--- feature_19 <= 2.50
|   |   |   |   |   |   |   |   |   |   |   |--- truncated branch of depth 3
|   |   |   |   |   |   |   |   |   |   |--- feature_19 >  2.50
|   |   |   |   |   |   |   |   |   |   |   |--- class: 41
|   |   |   |   |   |   |--- feature_15 >  2.50
|   |   |   |   |   |   |   |--- feature_2 <= 1.50
|   |   |   |   |   |   |   |   |--- feature_5 <= 2.50
|   |   |   |   |   |   |   |   |   |--- feature_13 <= 1.00
|   |   |   |   |   |   |   |   |   |   |--- class: 39
|   |   |   |   |   |   |   |   |   |--- feature_13 >  1.00
|   |   |   |   |   |   |   |   |   |   |--- feature_3 <= 1.00
|   |   |   |   |   |   |   |   |   |   |   |--- class: 50
|   |   |   |   |   |   |   |   |   |   |--- feature_3 >  1.00
|   |   |   |   |   |   |   |   |   |   |   |--- class: 42
|   |   |   |   |   |   |   |   |--- feature_5 >  2.50
|   |   |   |   |   |   |   |   |   |--- class: 56
|   |   |   |   |   |   |   |--- feature_2 >  1.50
|   |   |   |   |   |   |   |   |--- feature_9 <= 2.00
|   |   |   |   |   |   |   |   |   |--- feature_6 <= 2.00
|   |   |   |   |   |   |   |   |   |   |--- class: 45
|   |   |   |   |   |   |   |   |   |--- feature_6 >  2.00
|   |   |   |   |   |   |   |   |   |   |--- feature_13 <= 2.50
|   |   |   |   |   |   |   |   |   |   |   |--- class: 38
|   |   |   |   |   |   |   |   |   |   |--- feature_13 >  2.50
|   |   |   |   |   |   |   |   |   |   |   |--- class: 35
|   |   |   |   |   |   |   |   |--- feature_9 >  2.00
|   |   |   |   |   |   |   |   |   |--- feature_3 <= 1.00
|   |   |   |   |   |   |   |   |   |   |--- class: 57
|   |   |   |   |   |   |   |   |   |--- feature_3 >  1.00
|   |   |   |   |   |   |   |   |   |   |--- class: 32
|   |   |   |   |   |--- feature_3 >  3.50
|   |   |   |   |   |   |--- feature_18 <= 1.50
|   |   |   |   |   |   |   |--- feature_10 <= 3.00
|   |   |   |   |   |   |   |   |--- class: 49
|   |   |   |   |   |   |   |--- feature_10 >  3.00
|   |   |   |   |   |   |   |   |--- class: 56
|   |   |   |   |   |   |--- feature_18 >  1.50
|   |   |   |   |   |   |   |--- feature_4 <= 2.00
|   |   |   |   |   |   |   |   |--- class: 35
|   |   |   |   |   |   |   |--- feature_4 >  2.00
|   |   |   |   |   |   |   |   |--- feature_8 <= 1.50
|   |   |   |   |   |   |   |   |   |--- class: 43
|   |   |   |   |   |   |   |   |--- feature_8 >  1.50
|   |   |   |   |   |   |   |   |   |--- class: 39
|   |   |   |   |--- feature_17 >  2.50
|   |   |   |   |   |--- feature_19 <= 0.50
|   |   |   |   |   |   |--- feature_5 <= 3.50
|   |   |   |   |   |   |   |--- class: 48
|   |   |   |   |   |   |--- feature_5 >  3.50
|   |   |   |   |   |   |   |--- class: 32
|   |   |   |   |   |--- feature_19 >  0.50
|   |   |   |   |   |   |--- feature_9 <= 2.50
|   |   |   |   |   |   |   |--- feature_10 <= 3.50
|   |   |   |   |   |   |   |   |--- feature_18 <= 0.50
|   |   |   |   |   |   |   |   |   |--- feature_12 <= 2.50
|   |   |   |   |   |   |   |   |   |   |--- class: 59
|   |   |   |   |   |   |   |   |   |--- feature_12 >  2.50
|   |   |   |   |   |   |   |   |   |   |--- feature_15 <= 2.50
|   |   |   |   |   |   |   |   |   |   |   |--- class: 51
|   |   |   |   |   |   |   |   |   |   |--- feature_15 >  2.50
|   |   |   |   |   |   |   |   |   |   |   |--- class: 48
|   |   |   |   |   |   |   |   |--- feature_18 >  0.50
|   |   |   |   |   |   |   |   |   |--- feature_4 <= 2.50
|   |   |   |   |   |   |   |   |   |   |--- feature_4 <= 1.50
|   |   |   |   |   |   |   |   |   |   |   |--- truncated branch of depth 3
|   |   |   |   |   |   |   |   |   |   |--- feature_4 >  1.50
|   |   |   |   |   |   |   |   |   |   |   |--- class: 55
|   |   |   |   |   |   |   |   |   |--- feature_4 >  2.50
|   |   |   |   |   |   |   |   |   |   |--- feature_16 <= 0.50
|   |   |   |   |   |   |   |   |   |   |   |--- class: 43
|   |   |   |   |   |   |   |   |   |   |--- feature_16 >  0.50
|   |   |   |   |   |   |   |   |   |   |   |--- truncated branch of depth 4
|   |   |   |   |   |   |   |--- feature_10 >  3.50
|   |   |   |   |   |   |   |   |--- class: 55
|   |   |   |   |   |   |--- feature_9 >  2.50
|   |   |   |   |   |   |   |--- feature_8 <= 0.50
|   |   |   |   |   |   |   |   |--- class: 44
|   |   |   |   |   |   |   |--- feature_8 >  0.50
|   |   |   |   |   |   |   |   |--- feature_1 <= 0.50
|   |   |   |   |   |   |   |   |   |--- class: 41
|   |   |   |   |   |   |   |   |--- feature_1 >  0.50
|   |   |   |   |   |   |   |   |   |--- feature_8 <= 1.50
|   |   |   |   |   |   |   |   |   |   |--- feature_16 <= 3.50
|   |   |   |   |   |   |   |   |   |   |   |--- truncated branch of depth 2
|   |   |   |   |   |   |   |   |   |   |--- feature_16 >  3.50
|   |   |   |   |   |   |   |   |   |   |   |--- class: 34
|   |   |   |   |   |   |   |   |   |--- feature_8 >  1.50
|   |   |   |   |   |   |   |   |   |   |--- feature_14 <= 1.00
|   |   |   |   |   |   |   |   |   |   |   |--- class: 40
|   |   |   |   |   |   |   |   |   |   |--- feature_14 >  1.00
|   |   |   |   |   |   |   |   |   |   |   |--- truncated branch of depth 2
|   |   |   |--- feature_8 >  3.50
|   |   |   |   |--- feature_3 <= 1.50
|   |   |   |   |   |--- feature_13 <= 0.50
|   |   |   |   |   |   |--- class: 58
|   |   |   |   |   |--- feature_13 >  0.50
|   |   |   |   |   |   |--- feature_12 <= 1.50
|   |   |   |   |   |   |   |--- feature_9 <= 3.00
|   |   |   |   |   |   |   |   |--- class: 37
|   |   |   |   |   |   |   |--- feature_9 >  3.00
|   |   |   |   |   |   |   |   |--- class: 48
|   |   |   |   |   |   |--- feature_12 >  1.50
|   |   |   |   |   |   |   |--- feature_16 <= 1.00
|   |   |   |   |   |   |   |   |--- class: 55
|   |   |   |   |   |   |   |--- feature_16 >  1.00
|   |   |   |   |   |   |   |   |--- feature_11 <= 3.50
|   |   |   |   |   |   |   |   |   |--- class: 33
|   |   |   |   |   |   |   |   |--- feature_11 >  3.50
|   |   |   |   |   |   |   |   |   |--- feature_12 <= 3.00
|   |   |   |   |   |   |   |   |   |   |--- class: 40
|   |   |   |   |   |   |   |   |   |--- feature_12 >  3.00
|   |   |   |   |   |   |   |   |   |   |--- feature_2 <= 1.00
|   |   |   |   |   |   |   |   |   |   |   |--- class: 59
|   |   |   |   |   |   |   |   |   |   |--- feature_2 >  1.00
|   |   |   |   |   |   |   |   |   |   |   |--- class: 41
|   |   |   |   |--- feature_3 >  1.50
|   |   |   |   |   |--- feature_5 <= 3.50
|   |   |   |   |   |   |--- feature_10 <= 2.50
|   |   |   |   |   |   |   |--- feature_10 <= 0.50
|   |   |   |   |   |   |   |   |--- feature_11 <= 3.50
|   |   |   |   |   |   |   |   |   |--- feature_18 <= 1.00
|   |   |   |   |   |   |   |   |   |   |--- class: 59
|   |   |   |   |   |   |   |   |   |--- feature_18 >  1.00
|   |   |   |   |   |   |   |   |   |   |--- feature_13 <= 3.50
|   |   |   |   |   |   |   |   |   |   |   |--- class: 39
|   |   |   |   |   |   |   |   |   |   |--- feature_13 >  3.50
|   |   |   |   |   |   |   |   |   |   |   |--- class: 55
|   |   |   |   |   |   |   |   |--- feature_11 >  3.50
|   |   |   |   |   |   |   |   |   |--- class: 44
|   |   |   |   |   |   |   |--- feature_10 >  0.50
|   |   |   |   |   |   |   |   |--- feature_4 <= 3.50
|   |   |   |   |   |   |   |   |   |--- class: 36
|   |   |   |   |   |   |   |   |--- feature_4 >  3.50
|   |   |   |   |   |   |   |   |   |--- feature_16 <= 3.50
|   |   |   |   |   |   |   |   |   |   |--- class: 41
|   |   |   |   |   |   |   |   |   |--- feature_16 >  3.50
|   |   |   |   |   |   |   |   |   |   |--- feature_18 <= 2.50
|   |   |   |   |   |   |   |   |   |   |   |--- class: 55
|   |   |   |   |   |   |   |   |   |   |--- feature_18 >  2.50
|   |   |   |   |   |   |   |   |   |   |   |--- class: 51
|   |   |   |   |   |   |--- feature_10 >  2.50
|   |   |   |   |   |   |   |--- feature_2 <= 2.50
|   |   |   |   |   |   |   |   |--- feature_0 <= 3.50
|   |   |   |   |   |   |   |   |   |--- class: 50
|   |   |   |   |   |   |   |   |--- feature_0 >  3.50
|   |   |   |   |   |   |   |   |   |--- class: 52
|   |   |   |   |   |   |   |--- feature_2 >  2.50
|   |   |   |   |   |   |   |   |--- feature_6 <= 0.50
|   |   |   |   |   |   |   |   |   |--- class: 35
|   |   |   |   |   |   |   |   |--- feature_6 >  0.50
|   |   |   |   |   |   |   |   |   |--- feature_10 <= 3.50
|   |   |   |   |   |   |   |   |   |   |--- feature_12 <= 0.50
|   |   |   |   |   |   |   |   |   |   |   |--- class: 51
|   |   |   |   |   |   |   |   |   |   |--- feature_12 >  0.50
|   |   |   |   |   |   |   |   |   |   |   |--- class: 53
|   |   |   |   |   |   |   |   |   |--- feature_10 >  3.50
|   |   |   |   |   |   |   |   |   |   |--- class: 46
|   |   |   |   |   |--- feature_5 >  3.50
|   |   |   |   |   |   |--- feature_3 <= 2.50
|   |   |   |   |   |   |   |--- class: 53
|   |   |   |   |   |   |--- feature_3 >  2.50
|   |   |   |   |   |   |   |--- class: 41
|   |--- feature_6 >  3.50
|   |   |--- feature_19 <= 2.50
|   |   |   |--- feature_16 <= 1.50
|   |   |   |   |--- feature_14 <= 2.00
|   |   |   |   |   |--- feature_10 <= 2.50
|   |   |   |   |   |   |--- class: 40
|   |   |   |   |   |--- feature_10 >  2.50
|   |   |   |   |   |   |--- class: 37
|   |   |   |   |--- feature_14 >  2.00
|   |   |   |   |   |--- class: 42
|   |   |   |--- feature_16 >  1.50
|   |   |   |   |--- feature_1 <= 0.50
|   |   |   |   |   |--- feature_18 <= 1.50
|   |   |   |   |   |   |--- feature_3 <= 2.50
|   |   |   |   |   |   |   |--- class: 58
|   |   |   |   |   |   |--- feature_3 >  2.50
|   |   |   |   |   |   |   |--- class: 35
|   |   |   |   |   |--- feature_18 >  1.50
|   |   |   |   |   |   |--- class: 56
|   |   |   |   |--- feature_1 >  0.50
|   |   |   |   |   |--- feature_4 <= 1.00
|   |   |   |   |   |   |--- feature_0 <= 0.50
|   |   |   |   |   |   |   |--- class: 40
|   |   |   |   |   |   |--- feature_0 >  0.50
|   |   |   |   |   |   |   |--- class: 35
|   |   |   |   |   |--- feature_4 >  1.00
|   |   |   |   |   |   |--- feature_10 <= 2.50
|   |   |   |   |   |   |   |--- feature_4 <= 3.00
|   |   |   |   |   |   |   |   |--- feature_1 <= 2.50
|   |   |   |   |   |   |   |   |   |--- class: 38
|   |   |   |   |   |   |   |   |--- feature_1 >  2.50
|   |   |   |   |   |   |   |   |   |--- class: 47
|   |   |   |   |   |   |   |--- feature_4 >  3.00
|   |   |   |   |   |   |   |   |--- feature_10 <= 1.00
|   |   |   |   |   |   |   |   |   |--- class: 57
|   |   |   |   |   |   |   |   |--- feature_10 >  1.00
|   |   |   |   |   |   |   |   |   |--- class: 50
|   |   |   |   |   |   |--- feature_10 >  2.50
|   |   |   |   |   |   |   |--- class: 37
|   |   |--- feature_19 >  2.50
|   |   |   |--- feature_12 <= 2.50
|   |   |   |   |--- feature_3 <= 1.50
|   |   |   |   |   |--- feature_12 <= 1.50
|   |   |   |   |   |   |--- feature_9 <= 1.50
|   |   |   |   |   |   |   |--- class: 43
|   |   |   |   |   |   |--- feature_9 >  1.50
|   |   |   |   |   |   |   |--- class: 45
|   |   |   |   |   |--- feature_12 >  1.50
|   |   |   |   |   |   |--- feature_3 <= 0.50
|   |   |   |   |   |   |   |--- feature_17 <= 1.50
|   |   |   |   |   |   |   |   |--- class: 51
|   |   |   |   |   |   |   |--- feature_17 >  1.50
|   |   |   |   |   |   |   |   |--- class: 37
|   |   |   |   |   |   |--- feature_3 >  0.50
|   |   |   |   |   |   |   |--- class: 58
|   |   |   |   |--- feature_3 >  1.50
|   |   |   |   |   |--- feature_14 <= 3.50
|   |   |   |   |   |   |--- class: 44
|   |   |   |   |   |--- feature_14 >  3.50
|   |   |   |   |   |   |--- feature_18 <= 1.00
|   |   |   |   |   |   |   |--- feature_16 <= 2.50
|   |   |   |   |   |   |   |   |--- class: 48
|   |   |   |   |   |   |   |--- feature_16 >  2.50
|   |   |   |   |   |   |   |   |--- class: 44
|   |   |   |   |   |   |--- feature_18 >  1.00
|   |   |   |   |   |   |   |--- feature_4 <= 1.50
|   |   |   |   |   |   |   |   |--- feature_0 <= 1.50
|   |   |   |   |   |   |   |   |   |--- class: 41
|   |   |   |   |   |   |   |   |--- feature_0 >  1.50
|   |   |   |   |   |   |   |   |   |--- class: 51
|   |   |   |   |   |   |   |--- feature_4 >  1.50
|   |   |   |   |   |   |   |   |--- feature_0 <= 2.50
|   |   |   |   |   |   |   |   |   |--- class: 39
|   |   |   |   |   |   |   |   |--- feature_0 >  2.50
|   |   |   |   |   |   |   |   |   |--- class: 35
|   |   |   |--- feature_12 >  2.50
|   |   |   |   |--- feature_16 <= 1.50
|   |   |   |   |   |--- feature_16 <= 0.50
|   |   |   |   |   |   |--- class: 43
|   |   |   |   |   |--- feature_16 >  0.50
|   |   |   |   |   |   |--- feature_18 <= 2.00
|   |   |   |   |   |   |   |--- class: 36
|   |   |   |   |   |   |--- feature_18 >  2.00
|   |   |   |   |   |   |   |--- class: 45
|   |   |   |   |--- feature_16 >  1.50
|   |   |   |   |   |--- class: 49
|--- feature_7 >  0.50
|   |--- feature_11 <= 3.50
|   |   |--- feature_2 <= 1.50
|   |   |   |--- feature_15 <= 0.50
|   |   |   |   |--- feature_16 <= 2.50
|   |   |   |   |   |--- feature_18 <= 1.50
|   |   |   |   |   |   |--- feature_1 <= 0.50
|   |   |   |   |   |   |   |--- class: 56
|   |   |   |   |   |   |--- feature_1 >  0.50
|   |   |   |   |   |   |   |--- feature_0 <= 3.50
|   |   |   |   |   |   |   |   |--- feature_12 <= 0.50
|   |   |   |   |   |   |   |   |   |--- feature_9 <= 0.50
|   |   |   |   |   |   |   |   |   |   |--- class: 33
|   |   |   |   |   |   |   |   |   |--- feature_9 >  0.50
|   |   |   |   |   |   |   |   |   |   |--- feature_10 <= 1.50
|   |   |   |   |   |   |   |   |   |   |   |--- class: 55
|   |   |   |   |   |   |   |   |   |   |--- feature_10 >  1.50
|   |   |   |   |   |   |   |   |   |   |   |--- truncated branch of depth 2
|   |   |   |   |   |   |   |   |--- feature_12 >  0.50
|   |   |   |   |   |   |   |   |   |--- feature_2 <= 0.50
|   |   |   |   |   |   |   |   |   |   |--- feature_8 <= 2.50
|   |   |   |   |   |   |   |   |   |   |   |--- truncated branch of depth 2
|   |   |   |   |   |   |   |   |   |   |--- feature_8 >  2.50
|   |   |   |   |   |   |   |   |   |   |   |--- truncated branch of depth 3
|   |   |   |   |   |   |   |   |   |--- feature_2 >  0.50
|   |   |   |   |   |   |   |   |   |   |--- feature_11 <= 1.50
|   |   |   |   |   |   |   |   |   |   |   |--- truncated branch of depth 3
|   |   |   |   |   |   |   |   |   |   |--- feature_11 >  1.50
|   |   |   |   |   |   |   |   |   |   |   |--- class: 45
|   |   |   |   |   |   |   |--- feature_0 >  3.50
|   |   |   |   |   |   |   |   |--- feature_11 <= 1.50
|   |   |   |   |   |   |   |   |   |--- feature_18 <= 0.50
|   |   |   |   |   |   |   |   |   |   |--- class: 51
|   |   |   |   |   |   |   |   |   |--- feature_18 >  0.50
|   |   |   |   |   |   |   |   |   |   |--- class: 52
|   |   |   |   |   |   |   |   |--- feature_11 >  1.50
|   |   |   |   |   |   |   |   |   |--- class: 35
|   |   |   |   |   |--- feature_18 >  1.50
|   |   |   |   |   |   |--- feature_17 <= 1.50
|   |   |   |   |   |   |   |--- feature_5 <= 1.50
|   |   |   |   |   |   |   |   |--- feature_11 <= 2.50
|   |   |   |   |   |   |   |   |   |--- feature_10 <= 3.50
|   |   |   |   |   |   |   |   |   |   |--- class: 52
|   |   |   |   |   |   |   |   |   |--- feature_10 >  3.50
|   |   |   |   |   |   |   |   |   |   |--- class: 44
|   |   |   |   |   |   |   |   |--- feature_11 >  2.50
|   |   |   |   |   |   |   |   |   |--- class: 40
|   |   |   |   |   |   |   |--- feature_5 >  1.50
|   |   |   |   |   |   |   |   |--- feature_10 <= 2.00
|   |   |   |   |   |   |   |   |   |--- feature_2 <= 0.50
|   |   |   |   |   |   |   |   |   |   |--- feature_5 <= 3.50
|   |   |   |   |   |   |   |   |   |   |   |--- class: 52
|   |   |   |   |   |   |   |   |   |   |--- feature_5 >  3.50
|   |   |   |   |   |   |   |   |   |   |   |--- class: 58
|   |   |   |   |   |   |   |   |   |--- feature_2 >  0.50
|   |   |   |   |   |   |   |   |   |   |--- feature_4 <= 2.00
|   |   |   |   |   |   |   |   |   |   |   |--- class: 49
|   |   |   |   |   |   |   |   |   |   |--- feature_4 >  2.00
|   |   |   |   |   |   |   |   |   |   |   |--- class: 38
|   |   |   |   |   |   |   |   |--- feature_10 >  2.00
|   |   |   |   |   |   |   |   |   |--- feature_11 <= 0.50
|   |   |   |   |   |   |   |   |   |   |--- class: 35
|   |   |   |   |   |   |   |   |   |--- feature_11 >  0.50
|   |   |   |   |   |   |   |   |   |   |--- class: 50
|   |   |   |   |   |   |--- feature_17 >  1.50
|   |   |   |   |   |   |   |--- feature_5 <= 0.50
|   |   |   |   |   |   |   |   |--- class: 43
|   |   |   |   |   |   |   |--- feature_5 >  0.50
|   |   |   |   |   |   |   |   |--- feature_11 <= 0.50
|   |   |   |   |   |   |   |   |   |--- class: 49
|   |   |   |   |   |   |   |   |--- feature_11 >  0.50
|   |   |   |   |   |   |   |   |   |--- feature_12 <= 2.50
|   |   |   |   |   |   |   |   |   |   |--- feature_8 <= 0.50
|   |   |   |   |   |   |   |   |   |   |   |--- class: 58
|   |   |   |   |   |   |   |   |   |   |--- feature_8 >  0.50
|   |   |   |   |   |   |   |   |   |   |   |--- truncated branch of depth 5
|   |   |   |   |   |   |   |   |   |--- feature_12 >  2.50
|   |   |   |   |   |   |   |   |   |   |--- feature_19 <= 3.50
|   |   |   |   |   |   |   |   |   |   |   |--- class: 46
|   |   |   |   |   |   |   |   |   |   |--- feature_19 >  3.50
|   |   |   |   |   |   |   |   |   |   |   |--- truncated branch of depth 2
|   |   |   |   |--- feature_16 >  2.50
|   |   |   |   |   |--- feature_17 <= 3.50
|   |   |   |   |   |   |--- feature_10 <= 1.50
|   |   |   |   |   |   |   |--- feature_0 <= 3.50
|   |   |   |   |   |   |   |   |--- feature_18 <= 2.50
|   |   |   |   |   |   |   |   |   |--- feature_3 <= 1.00
|   |   |   |   |   |   |   |   |   |   |--- class: 40
|   |   |   |   |   |   |   |   |   |--- feature_3 >  1.00
|   |   |   |   |   |   |   |   |   |   |--- feature_14 <= 2.00
|   |   |   |   |   |   |   |   |   |   |   |--- class: 44
|   |   |   |   |   |   |   |   |   |   |--- feature_14 >  2.00
|   |   |   |   |   |   |   |   |   |   |   |--- class: 34
|   |   |   |   |   |   |   |   |--- feature_18 >  2.50
|   |   |   |   |   |   |   |   |   |--- feature_11 <= 2.50
|   |   |   |   |   |   |   |   |   |   |--- class: 39
|   |   |   |   |   |   |   |   |   |--- feature_11 >  2.50
|   |   |   |   |   |   |   |   |   |   |--- class: 35
|   |   |   |   |   |   |   |--- feature_0 >  3.50
|   |   |   |   |   |   |   |   |--- class: 51
|   |   |   |   |   |   |--- feature_10 >  1.50
|   |   |   |   |   |   |   |--- feature_1 <= 0.50
|   |   |   |   |   |   |   |   |--- class: 44
|   |   |   |   |   |   |   |--- feature_1 >  0.50
|   |   |   |   |   |   |   |   |--- feature_19 <= 3.50
|   |   |   |   |   |   |   |   |   |--- feature_2 <= 0.50
|   |   |   |   |   |   |   |   |   |   |--- feature_0 <= 1.50
|   |   |   |   |   |   |   |   |   |   |   |--- class: 54
|   |   |   |   |   |   |   |   |   |   |--- feature_0 >  1.50
|   |   |   |   |   |   |   |   |   |   |   |--- truncated branch of depth 4
|   |   |   |   |   |   |   |   |   |--- feature_2 >  0.50
|   |   |   |   |   |   |   |   |   |   |--- feature_18 <= 1.50
|   |   |   |   |   |   |   |   |   |   |   |--- class: 37
|   |   |   |   |   |   |   |   |   |   |--- feature_18 >  1.50
|   |   |   |   |   |   |   |   |   |   |   |--- class: 54
|   |   |   |   |   |   |   |   |--- feature_19 >  3.50
|   |   |   |   |   |   |   |   |   |--- feature_4 <= 1.00
|   |   |   |   |   |   |   |   |   |   |--- class: 56
|   |   |   |   |   |   |   |   |   |--- feature_4 >  1.00
|   |   |   |   |   |   |   |   |   |   |--- class: 32
|   |   |   |   |   |--- feature_17 >  3.50
|   |   |   |   |   |   |--- feature_16 <= 3.50
|   |   |   |   |   |   |   |--- feature_14 <= 2.50
|   |   |   |   |   |   |   |   |--- feature_13 <= 1.50
|   |   |   |   |   |   |   |   |   |--- class: 48
|   |   |   |   |   |   |   |   |--- feature_13 >  1.50
|   |   |   |   |   |   |   |   |   |--- feature_9 <= 2.00
|   |   |   |   |   |   |   |   |   |   |--- class: 43
|   |   |   |   |   |   |   |   |   |--- feature_9 >  2.00
|   |   |   |   |   |   |   |   |   |   |--- class: 52
|   |   |   |   |   |   |   |--- feature_14 >  2.50
|   |   |   |   |   |   |   |   |--- class: 44
|   |   |   |   |   |   |--- feature_16 >  3.50
|   |   |   |   |   |   |   |--- feature_1 <= 1.50
|   |   |   |   |   |   |   |   |--- class: 58
|   |   |   |   |   |   |   |--- feature_1 >  1.50
|   |   |   |   |   |   |   |   |--- class: 46
|   |   |   |--- feature_15 >  0.50
|   |   |   |   |--- feature_11 <= 2.50
|   |   |   |   |   |--- feature_16 <= 1.50
|   |   |   |   |   |   |--- feature_18 <= 3.50
|   |   |   |   |   |   |   |--- feature_9 <= 3.50
|   |   |   |   |   |   |   |   |--- feature_15 <= 2.50
|   |   |   |   |   |   |   |   |   |--- feature_8 <= 0.50
|   |   |   |   |   |   |   |   |   |   |--- feature_5 <= 0.50
|   |   |   |   |   |   |   |   |   |   |   |--- truncated branch of depth 2
|   |   |   |   |   |   |   |   |   |   |--- feature_5 >  0.50
|   |   |   |   |   |   |   |   |   |   |   |--- truncated branch of depth 4
|   |   |   |   |   |   |   |   |   |--- feature_8 >  0.50
|   |   |   |   |   |   |   |   |   |   |--- feature_0 <= 1.50
|   |   |   |   |   |   |   |   |   |   |   |--- truncated branch of depth 3
|   |   |   |   |   |   |   |   |   |   |--- feature_0 >  1.50
|   |   |   |   |   |   |   |   |   |   |   |--- truncated branch of depth 6
|   |   |   |   |   |   |   |   |--- feature_15 >  2.50
|   |   |   |   |   |   |   |   |   |--- feature_17 <= 2.50
|   |   |   |   |   |   |   |   |   |   |--- feature_12 <= 0.50
|   |   |   |   |   |   |   |   |   |   |   |--- class: 33
|   |   |   |   |   |   |   |   |   |   |--- feature_12 >  0.50
|   |   |   |   |   |   |   |   |   |   |   |--- truncated branch of depth 6
|   |   |   |   |   |   |   |   |   |--- feature_17 >  2.50
|   |   |   |   |   |   |   |   |   |   |--- feature_5 <= 2.50
|   |   |   |   |   |   |   |   |   |   |   |--- truncated branch of depth 2
|   |   |   |   |   |   |   |   |   |   |--- feature_5 >  2.50
|   |   |   |   |   |   |   |   |   |   |   |--- truncated branch of depth 4
|   |   |   |   |   |   |   |--- feature_9 >  3.50
|   |   |   |   |   |   |   |   |--- feature_14 <= 2.50
|   |   |   |   |   |   |   |   |   |--- feature_13 <= 0.50
|   |   |   |   |   |   |   |   |   |   |--- class: 42
|   |   |   |   |   |   |   |   |   |--- feature_13 >  0.50
|   |   |   |   |   |   |   |   |   |   |--- feature_0 <= 3.50
|   |   |   |   |   |   |   |   |   |   |   |--- truncated branch of depth 2
|   |   |   |   |   |   |   |   |   |   |--- feature_0 >  3.50
|   |   |   |   |   |   |   |   |   |   |   |--- class: 34
|   |   |   |   |   |   |   |   |--- feature_14 >  2.50
|   |   |   |   |   |   |   |   |   |--- feature_10 <= 3.50
|   |   |   |   |   |   |   |   |   |   |--- feature_3 <= 0.50
|   |   |   |   |   |   |   |   |   |   |   |--- class: 57
|   |   |   |   |   |   |   |   |   |   |--- feature_3 >  0.50
|   |   |   |   |   |   |   |   |   |   |   |--- truncated branch of depth 3
|   |   |   |   |   |   |   |   |   |--- feature_10 >  3.50
|   |   |   |   |   |   |   |   |   |   |--- class: 52
|   |   |   |   |   |   |--- feature_18 >  3.50
|   |   |   |   |   |   |   |--- feature_14 <= 2.50
|   |   |   |   |   |   |   |   |--- feature_11 <= 1.50
|   |   |   |   |   |   |   |   |   |--- feature_7 <= 3.50
|   |   |   |   |   |   |   |   |   |   |--- feature_8 <= 0.50
|   |   |   |   |   |   |   |   |   |   |   |--- truncated branch of depth 3
|   |   |   |   |   |   |   |   |   |   |--- feature_8 >  0.50
|   |   |   |   |   |   |   |   |   |   |   |--- truncated branch of depth 3
|   |   |   |   |   |   |   |   |   |--- feature_7 >  3.50
|   |   |   |   |   |   |   |   |   |   |--- feature_6 <= 2.00
|   |   |   |   |   |   |   |   |   |   |   |--- class: 54
|   |   |   |   |   |   |   |   |   |   |--- feature_6 >  2.00
|   |   |   |   |   |   |   |   |   |   |   |--- class: 40
|   |   |   |   |   |   |   |   |--- feature_11 >  1.50
|   |   |   |   |   |   |   |   |   |--- feature_17 <= 3.00
|   |   |   |   |   |   |   |   |   |   |--- class: 52
|   |   |   |   |   |   |   |   |   |--- feature_17 >  3.00
|   |   |   |   |   |   |   |   |   |   |--- feature_13 <= 1.00
|   |   |   |   |   |   |   |   |   |   |   |--- class: 59
|   |   |   |   |   |   |   |   |   |   |--- feature_13 >  1.00
|   |   |   |   |   |   |   |   |   |   |   |--- class: 42
|   |   |   |   |   |   |   |--- feature_14 >  2.50
|   |   |   |   |   |   |   |   |--- feature_4 <= 1.00
|   |   |   |   |   |   |   |   |   |--- feature_1 <= 3.00
|   |   |   |   |   |   |   |   |   |   |--- class: 35
|   |   |   |   |   |   |   |   |   |--- feature_1 >  3.00
|   |   |   |   |   |   |   |   |   |   |--- class: 54
|   |   |   |   |   |   |   |   |--- feature_4 >  1.00
|   |   |   |   |   |   |   |   |   |--- class: 41
|   |   |   |   |   |--- feature_16 >  1.50
|   |   |   |   |   |   |--- feature_10 <= 3.50
|   |   |   |   |   |   |   |--- feature_19 <= 0.50
|   |   |   |   |   |   |   |   |--- feature_5 <= 3.50
|   |   |   |   |   |   |   |   |   |--- feature_14 <= 2.50
|   |   |   |   |   |   |   |   |   |   |--- feature_4 <= 0.50
|   |   |   |   |   |   |   |   |   |   |   |--- truncated branch of depth 3
|   |   |   |   |   |   |   |   |   |   |--- feature_4 >  0.50
|   |   |   |   |   |   |   |   |   |   |   |--- truncated branch of depth 4
|   |   |   |   |   |   |   |   |   |--- feature_14 >  2.50
|   |   |   |   |   |   |   |   |   |   |--- feature_2 <= 0.50
|   |   |   |   |   |   |   |   |   |   |   |--- truncated branch of depth 4
|   |   |   |   |   |   |   |   |   |   |--- feature_2 >  0.50
|   |   |   |   |   |   |   |   |   |   |   |--- class: 48
|   |   |   |   |   |   |   |   |--- feature_5 >  3.50
|   |   |   |   |   |   |   |   |   |--- class: 47
|   |   |   |   |   |   |   |--- feature_19 >  0.50
|   |   |   |   |   |   |   |   |--- feature_6 <= 1.50
|   |   |   |   |   |   |   |   |   |--- feature_9 <= 1.50
|   |   |   |   |   |   |   |   |   |   |--- feature_8 <= 0.50
|   |   |   |   |   |   |   |   |   |   |   |--- class: 58
|   |   |   |   |   |   |   |   |   |   |--- feature_8 >  0.50
|   |   |   |   |   |   |   |   |   |   |   |--- truncated branch of depth 6
|   |   |   |   |   |   |   |   |   |--- feature_9 >  1.50
|   |   |   |   |   |   |   |   |   |   |--- feature_12 <= 3.50
|   |   |   |   |   |   |   |   |   |   |   |--- truncated branch of depth 7
|   |   |   |   |   |   |   |   |   |   |--- feature_12 >  3.50
|   |   |   |   |   |   |   |   |   |   |   |--- truncated branch of depth 3
|   |   |   |   |   |   |   |   |--- feature_6 >  1.50
|   |   |   |   |   |   |   |   |   |--- feature_15 <= 2.50
|   |   |   |   |   |   |   |   |   |   |--- feature_0 <= 3.50
|   |   |   |   |   |   |   |   |   |   |   |--- truncated branch of depth 7
|   |   |   |   |   |   |   |   |   |   |--- feature_0 >  3.50
|   |   |   |   |   |   |   |   |   |   |   |--- class: 47
|   |   |   |   |   |   |   |   |   |--- feature_15 >  2.50
|   |   |   |   |   |   |   |   |   |   |--- feature_17 <= 1.50
|   |   |   |   |   |   |   |   |   |   |   |--- truncated branch of depth 6
|   |   |   |   |   |   |   |   |   |   |--- feature_17 >  1.50
|   |   |   |   |   |   |   |   |   |   |   |--- truncated branch of depth 7
|   |   |   |   |   |   |--- feature_10 >  3.50
|   |   |   |   |   |   |   |--- feature_14 <= 2.50
|   |   |   |   |   |   |   |   |--- feature_12 <= 2.50
|   |   |   |   |   |   |   |   |   |--- feature_0 <= 3.00
|   |   |   |   |   |   |   |   |   |   |--- class: 35
|   |   |   |   |   |   |   |   |   |--- feature_0 >  3.00
|   |   |   |   |   |   |   |   |   |   |--- class: 34
|   |   |   |   |   |   |   |   |--- feature_12 >  2.50
|   |   |   |   |   |   |   |   |   |--- feature_5 <= 1.50
|   |   |   |   |   |   |   |   |   |   |--- class: 33
|   |   |   |   |   |   |   |   |   |--- feature_5 >  1.50
|   |   |   |   |   |   |   |   |   |   |--- class: 52
|   |   |   |   |   |   |   |--- feature_14 >  2.50
|   |   |   |   |   |   |   |   |--- feature_1 <= 2.50
|   |   |   |   |   |   |   |   |   |--- feature_7 <= 2.50
|   |   |   |   |   |   |   |   |   |   |--- feature_0 <= 1.50
|   |   |   |   |   |   |   |   |   |   |   |--- truncated branch of depth 2
|   |   |   |   |   |   |   |   |   |   |--- feature_0 >  1.50
|   |   |   |   |   |   |   |   |   |   |   |--- class: 45
|   |   |   |   |   |   |   |   |   |--- feature_7 >  2.50
|   |   |   |   |   |   |   |   |   |   |--- feature_11 <= 0.50
|   |   |   |   |   |   |   |   |   |   |   |--- class: 56
|   |   |   |   |   |   |   |   |   |   |--- feature_11 >  0.50
|   |   |   |   |   |   |   |   |   |   |   |--- class: 43
|   |   |   |   |   |   |   |   |--- feature_1 >  2.50
|   |   |   |   |   |   |   |   |   |--- feature_13 <= 1.00
|   |   |   |   |   |   |   |   |   |   |--- class: 48
|   |   |   |   |   |   |   |   |   |--- feature_13 >  1.00
|   |   |   |   |   |   |   |   |   |   |--- class: 34
|   |   |   |   |--- feature_11 >  2.50
|   |   |   |   |   |--- feature_13 <= 2.50
|   |   |   |   |   |   |--- feature_16 <= 3.50
|   |   |   |   |   |   |   |--- feature_6 <= 0.50
|   |   |   |   |   |   |   |   |--- feature_0 <= 3.50
|   |   |   |   |   |   |   |   |   |--- feature_7 <= 3.50
|   |   |   |   |   |   |   |   |   |   |--- feature_7 <= 2.50
|   |   |   |   |   |   |   |   |   |   |   |--- truncated branch of depth 4
|   |   |   |   |   |   |   |   |   |   |--- feature_7 >  2.50
|   |   |   |   |   |   |   |   |   |   |   |--- class: 57
|   |   |   |   |   |   |   |   |   |--- feature_7 >  3.50
|   |   |   |   |   |   |   |   |   |   |--- class: 50
|   |   |   |   |   |   |   |   |--- feature_0 >  3.50
|   |   |   |   |   |   |   |   |   |--- class: 51
|   |   |   |   |   |   |   |--- feature_6 >  0.50
|   |   |   |   |   |   |   |   |--- feature_3 <= 2.50
|   |   |   |   |   |   |   |   |   |--- feature_6 <= 3.50
|   |   |   |   |   |   |   |   |   |   |--- feature_6 <= 2.50
|   |   |   |   |   |   |   |   |   |   |   |--- truncated branch of depth 4
|   |   |   |   |   |   |   |   |   |   |--- feature_6 >  2.50
|   |   |   |   |   |   |   |   |   |   |   |--- truncated branch of depth 2
|   |   |   |   |   |   |   |   |   |--- feature_6 >  3.50
|   |   |   |   |   |   |   |   |   |   |--- feature_15 <= 3.50
|   |   |   |   |   |   |   |   |   |   |   |--- class: 55
|   |   |   |   |   |   |   |   |   |   |--- feature_15 >  3.50
|   |   |   |   |   |   |   |   |   |   |   |--- class: 42
|   |   |   |   |   |   |   |   |--- feature_3 >  2.50
|   |   |   |   |   |   |   |   |   |--- feature_16 <= 2.50
|   |   |   |   |   |   |   |   |   |   |--- feature_15 <= 2.50
|   |   |   |   |   |   |   |   |   |   |   |--- truncated branch of depth 5
|   |   |   |   |   |   |   |   |   |   |--- feature_15 >  2.50
|   |   |   |   |   |   |   |   |   |   |   |--- class: 36
|   |   |   |   |   |   |   |   |   |--- feature_16 >  2.50
|   |   |   |   |   |   |   |   |   |   |--- class: 51
|   |   |   |   |   |   |--- feature_16 >  3.50
|   |   |   |   |   |   |   |--- feature_17 <= 2.50
|   |   |   |   |   |   |   |   |--- feature_0 <= 1.50
|   |   |   |   |   |   |   |   |   |--- class: 43
|   |   |   |   |   |   |   |   |--- feature_0 >  1.50
|   |   |   |   |   |   |   |   |   |--- class: 58
|   |   |   |   |   |   |   |--- feature_17 >  2.50
|   |   |   |   |   |   |   |   |--- feature_9 <= 1.00
|   |   |   |   |   |   |   |   |   |--- class: 42
|   |   |   |   |   |   |   |   |--- feature_9 >  1.00
|   |   |   |   |   |   |   |   |   |--- class: 33
|   |   |   |   |   |--- feature_13 >  2.50
|   |   |   |   |   |   |--- feature_12 <= 1.50
|   |   |   |   |   |   |   |--- feature_18 <= 2.50
|   |   |   |   |   |   |   |   |--- feature_17 <= 0.50
|   |   |   |   |   |   |   |   |   |--- class: 33
|   |   |   |   |   |   |   |   |--- feature_17 >  0.50
|   |   |   |   |   |   |   |   |   |--- feature_9 <= 1.50
|   |   |   |   |   |   |   |   |   |   |--- class: 40
|   |   |   |   |   |   |   |   |   |--- feature_9 >  1.50
|   |   |   |   |   |   |   |   |   |   |--- feature_4 <= 2.50
|   |   |   |   |   |   |   |   |   |   |   |--- truncated branch of depth 2
|   |   |   |   |   |   |   |   |   |   |--- feature_4 >  2.50
|   |   |   |   |   |   |   |   |   |   |   |--- class: 52
|   |   |   |   |   |   |   |--- feature_18 >  2.50
|   |   |   |   |   |   |   |   |--- feature_4 <= 0.50
|   |   |   |   |   |   |   |   |   |--- feature_3 <= 1.50
|   |   |   |   |   |   |   |   |   |   |--- class: 34
|   |   |   |   |   |   |   |   |   |--- feature_3 >  1.50
|   |   |   |   |   |   |   |   |   |   |--- class: 39
|   |   |   |   |   |   |   |   |--- feature_4 >  0.50
|   |   |   |   |   |   |   |   |   |--- feature_5 <= 2.50
|   |   |   |   |   |   |   |   |   |   |--- feature_14 <= 2.50
|   |   |   |   |   |   |   |   |   |   |   |--- class: 43
|   |   |   |   |   |   |   |   |   |   |--- feature_14 >  2.50
|   |   |   |   |   |   |   |   |   |   |   |--- truncated branch of depth 2
|   |   |   |   |   |   |   |   |   |--- feature_5 >  2.50
|   |   |   |   |   |   |   |   |   |   |--- feature_14 <= 0.50
|   |   |   |   |   |   |   |   |   |   |   |--- class: 34
|   |   |   |   |   |   |   |   |   |   |--- feature_14 >  0.50
|   |   |   |   |   |   |   |   |   |   |   |--- class: 38
|   |   |   |   |   |   |--- feature_12 >  1.50
|   |   |   |   |   |   |   |--- feature_3 <= 1.50
|   |   |   |   |   |   |   |   |--- feature_8 <= 0.50
|   |   |   |   |   |   |   |   |   |--- class: 45
|   |   |   |   |   |   |   |   |--- feature_8 >  0.50
|   |   |   |   |   |   |   |   |   |--- class: 34
|   |   |   |   |   |   |   |--- feature_3 >  1.50
|   |   |   |   |   |   |   |   |--- feature_16 <= 1.50
|   |   |   |   |   |   |   |   |   |--- feature_8 <= 1.00
|   |   |   |   |   |   |   |   |   |   |--- class: 44
|   |   |   |   |   |   |   |   |   |--- feature_8 >  1.00
|   |   |   |   |   |   |   |   |   |   |--- class: 52
|   |   |   |   |   |   |   |   |--- feature_16 >  1.50
|   |   |   |   |   |   |   |   |   |--- feature_8 <= 0.50
|   |   |   |   |   |   |   |   |   |   |--- class: 46
|   |   |   |   |   |   |   |   |   |--- feature_8 >  0.50
|   |   |   |   |   |   |   |   |   |   |--- feature_9 <= 2.50
|   |   |   |   |   |   |   |   |   |   |   |--- truncated branch of depth 4
|   |   |   |   |   |   |   |   |   |   |--- feature_9 >  2.50
|   |   |   |   |   |   |   |   |   |   |   |--- truncated branch of depth 2
|   |   |--- feature_2 >  1.50
|   |   |   |--- feature_6 <= 1.50
|   |   |   |   |--- feature_12 <= 2.50
|   |   |   |   |   |--- feature_3 <= 1.50
|   |   |   |   |   |   |--- feature_12 <= 0.50
|   |   |   |   |   |   |   |--- feature_13 <= 2.50
|   |   |   |   |   |   |   |   |--- feature_9 <= 3.50
|   |   |   |   |   |   |   |   |   |--- feature_2 <= 2.50
|   |   |   |   |   |   |   |   |   |   |--- feature_0 <= 1.00
|   |   |   |   |   |   |   |   |   |   |   |--- truncated branch of depth 2
|   |   |   |   |   |   |   |   |   |   |--- feature_0 >  1.00
|   |   |   |   |   |   |   |   |   |   |   |--- truncated branch of depth 2
|   |   |   |   |   |   |   |   |   |--- feature_2 >  2.50
|   |   |   |   |   |   |   |   |   |   |--- class: 49
|   |   |   |   |   |   |   |   |--- feature_9 >  3.50
|   |   |   |   |   |   |   |   |   |--- feature_13 <= 0.50
|   |   |   |   |   |   |   |   |   |   |--- class: 54
|   |   |   |   |   |   |   |   |   |--- feature_13 >  0.50
|   |   |   |   |   |   |   |   |   |   |--- class: 56
|   |   |   |   |   |   |   |--- feature_13 >  2.50
|   |   |   |   |   |   |   |   |--- feature_0 <= 1.50
|   |   |   |   |   |   |   |   |   |--- feature_18 <= 3.50
|   |   |   |   |   |   |   |   |   |   |--- class: 47
|   |   |   |   |   |   |   |   |   |--- feature_18 >  3.50
|   |   |   |   |   |   |   |   |   |   |--- class: 51
|   |   |   |   |   |   |   |   |--- feature_0 >  1.50
|   |   |   |   |   |   |   |   |   |--- feature_8 <= 2.00
|   |   |   |   |   |   |   |   |   |   |--- class: 53
|   |   |   |   |   |   |   |   |   |--- feature_8 >  2.00
|   |   |   |   |   |   |   |   |   |   |--- feature_14 <= 1.50
|   |   |   |   |   |   |   |   |   |   |   |--- class: 52
|   |   |   |   |   |   |   |   |   |   |--- feature_14 >  1.50
|   |   |   |   |   |   |   |   |   |   |   |--- class: 42
|   |   |   |   |   |   |--- feature_12 >  0.50
|   |   |   |   |   |   |   |--- feature_4 <= 0.50
|   |   |   |   |   |   |   |   |--- feature_6 <= 0.50
|   |   |   |   |   |   |   |   |   |--- class: 52
|   |   |   |   |   |   |   |   |--- feature_6 >  0.50
|   |   |   |   |   |   |   |   |   |--- class: 58
|   |   |   |   |   |   |   |--- feature_4 >  0.50
|   |   |   |   |   |   |   |   |--- feature_1 <= 1.50
|   |   |   |   |   |   |   |   |   |--- feature_18 <= 1.50
|   |   |   |   |   |   |   |   |   |   |--- class: 46
|   |   |   |   |   |   |   |   |   |--- feature_18 >  1.50
|   |   |   |   |   |   |   |   |   |   |--- feature_4 <= 1.50
|   |   |   |   |   |   |   |   |   |   |   |--- truncated branch of depth 2
|   |   |   |   |   |   |   |   |   |   |--- feature_4 >  1.50
|   |   |   |   |   |   |   |   |   |   |   |--- truncated branch of depth 4
|   |   |   |   |   |   |   |   |--- feature_1 >  1.50
|   |   |   |   |   |   |   |   |   |--- feature_14 <= 1.50
|   |   |   |   |   |   |   |   |   |   |--- feature_13 <= 3.50
|   |   |   |   |   |   |   |   |   |   |   |--- truncated branch of depth 4
|   |   |   |   |   |   |   |   |   |   |--- feature_13 >  3.50
|   |   |   |   |   |   |   |   |   |   |   |--- truncated branch of depth 2
|   |   |   |   |   |   |   |   |   |--- feature_14 >  1.50
|   |   |   |   |   |   |   |   |   |   |--- feature_8 <= 3.50
|   |   |   |   |   |   |   |   |   |   |   |--- class: 53
|   |   |   |   |   |   |   |   |   |   |--- feature_8 >  3.50
|   |   |   |   |   |   |   |   |   |   |   |--- class: 59
|   |   |   |   |   |--- feature_3 >  1.50
|   |   |   |   |   |   |--- feature_4 <= 0.50
|   |   |   |   |   |   |   |--- feature_3 <= 2.50
|   |   |   |   |   |   |   |   |--- feature_18 <= 1.50
|   |   |   |   |   |   |   |   |   |--- feature_0 <= 2.50
|   |   |   |   |   |   |   |   |   |   |--- class: 32
|   |   |   |   |   |   |   |   |   |--- feature_0 >  2.50
|   |   |   |   |   |   |   |   |   |   |--- class: 49
|   |   |   |   |   |   |   |   |--- feature_18 >  1.50
|   |   |   |   |   |   |   |   |   |--- class: 39
|   |   |   |   |   |   |   |--- feature_3 >  2.50
|   |   |   |   |   |   |   |   |--- feature_15 <= 0.50
|   |   |   |   |   |   |   |   |   |--- class: 43
|   |   |   |   |   |   |   |   |--- feature_15 >  0.50
|   |   |   |   |   |   |   |   |   |--- feature_0 <= 3.50
|   |   |   |   |   |   |   |   |   |   |--- feature_11 <= 1.50
|   |   |   |   |   |   |   |   |   |   |   |--- truncated branch of depth 2
|   |   |   |   |   |   |   |   |   |   |--- feature_11 >  1.50
|   |   |   |   |   |   |   |   |   |   |   |--- truncated branch of depth 3
|   |   |   |   |   |   |   |   |   |--- feature_0 >  3.50
|   |   |   |   |   |   |   |   |   |   |--- class: 42
|   |   |   |   |   |   |--- feature_4 >  0.50
|   |   |   |   |   |   |   |--- feature_9 <= 3.50
|   |   |   |   |   |   |   |   |--- feature_14 <= 0.50
|   |   |   |   |   |   |   |   |   |--- feature_16 <= 3.50
|   |   |   |   |   |   |   |   |   |   |--- feature_18 <= 2.50
|   |   |   |   |   |   |   |   |   |   |   |--- truncated branch of depth 2
|   |   |   |   |   |   |   |   |   |   |--- feature_18 >  2.50
|   |   |   |   |   |   |   |   |   |   |   |--- truncated branch of depth 4
|   |   |   |   |   |   |   |   |   |--- feature_16 >  3.50
|   |   |   |   |   |   |   |   |   |   |--- class: 37
|   |   |   |   |   |   |   |   |--- feature_14 >  0.50
|   |   |   |   |   |   |   |   |   |--- feature_15 <= 2.50
|   |   |   |   |   |   |   |   |   |   |--- feature_4 <= 2.50
|   |   |   |   |   |   |   |   |   |   |   |--- truncated branch of depth 6
|   |   |   |   |   |   |   |   |   |   |--- feature_4 >  2.50
|   |   |   |   |   |   |   |   |   |   |   |--- truncated branch of depth 5
|   |   |   |   |   |   |   |   |   |--- feature_15 >  2.50
|   |   |   |   |   |   |   |   |   |   |--- feature_14 <= 3.50
|   |   |   |   |   |   |   |   |   |   |   |--- truncated branch of depth 6
|   |   |   |   |   |   |   |   |   |   |--- feature_14 >  3.50
|   |   |   |   |   |   |   |   |   |   |   |--- truncated branch of depth 3
|   |   |   |   |   |   |   |--- feature_9 >  3.50
|   |   |   |   |   |   |   |   |--- feature_4 <= 1.50
|   |   |   |   |   |   |   |   |   |--- feature_0 <= 1.50
|   |   |   |   |   |   |   |   |   |   |--- class: 44
|   |   |   |   |   |   |   |   |   |--- feature_0 >  1.50
|   |   |   |   |   |   |   |   |   |   |--- feature_2 <= 2.50
|   |   |   |   |   |   |   |   |   |   |   |--- class: 38
|   |   |   |   |   |   |   |   |   |   |--- feature_2 >  2.50
|   |   |   |   |   |   |   |   |   |   |   |--- class: 39
|   |   |   |   |   |   |   |   |--- feature_4 >  1.50
|   |   |   |   |   |   |   |   |   |--- feature_8 <= 3.50
|   |   |   |   |   |   |   |   |   |   |--- feature_1 <= 0.50
|   |   |   |   |   |   |   |   |   |   |   |--- truncated branch of depth 3
|   |   |   |   |   |   |   |   |   |   |--- feature_1 >  0.50
|   |   |   |   |   |   |   |   |   |   |   |--- class: 41
|   |   |   |   |   |   |   |   |   |--- feature_8 >  3.50
|   |   |   |   |   |   |   |   |   |   |--- class: 49
|   |   |   |   |--- feature_12 >  2.50
|   |   |   |   |   |--- feature_1 <= 2.50
|   |   |   |   |   |   |--- feature_8 <= 3.50
|   |   |   |   |   |   |   |--- feature_9 <= 2.50
|   |   |   |   |   |   |   |   |--- feature_1 <= 0.50
|   |   |   |   |   |   |   |   |   |--- feature_3 <= 1.50
|   |   |   |   |   |   |   |   |   |   |--- class: 56
|   |   |   |   |   |   |   |   |   |--- feature_3 >  1.50
|   |   |   |   |   |   |   |   |   |   |--- feature_16 <= 0.50
|   |   |   |   |   |   |   |   |   |   |   |--- class: 46
|   |   |   |   |   |   |   |   |   |   |--- feature_16 >  0.50
|   |   |   |   |   |   |   |   |   |   |   |--- class: 32
|   |   |   |   |   |   |   |   |--- feature_1 >  0.50
|   |   |   |   |   |   |   |   |   |--- feature_15 <= 0.50
|   |   |   |   |   |   |   |   |   |   |--- feature_17 <= 0.50
|   |   |   |   |   |   |   |   |   |   |   |--- class: 32
|   |   |   |   |   |   |   |   |   |   |--- feature_17 >  0.50
|   |   |   |   |   |   |   |   |   |   |   |--- truncated branch of depth 5
|   |   |   |   |   |   |   |   |   |--- feature_15 >  0.50
|   |   |   |   |   |   |   |   |   |   |--- feature_4 <= 1.50
|   |   |   |   |   |   |   |   |   |   |   |--- truncated branch of depth 2
|   |   |   |   |   |   |   |   |   |   |--- feature_4 >  1.50
|   |   |   |   |   |   |   |   |   |   |   |--- truncated branch of depth 2
|   |   |   |   |   |   |   |--- feature_9 >  2.50
|   |   |   |   |   |   |   |   |--- feature_15 <= 1.50
|   |   |   |   |   |   |   |   |   |--- feature_13 <= 0.50
|   |   |   |   |   |   |   |   |   |   |--- class: 55
|   |   |   |   |   |   |   |   |   |--- feature_13 >  0.50
|   |   |   |   |   |   |   |   |   |   |--- feature_12 <= 3.50
|   |   |   |   |   |   |   |   |   |   |   |--- truncated branch of depth 4
|   |   |   |   |   |   |   |   |   |   |--- feature_12 >  3.50
|   |   |   |   |   |   |   |   |   |   |   |--- class: 53
|   |   |   |   |   |   |   |   |--- feature_15 >  1.50
|   |   |   |   |   |   |   |   |   |--- feature_16 <= 3.50
|   |   |   |   |   |   |   |   |   |   |--- feature_4 <= 0.50
|   |   |   |   |   |   |   |   |   |   |   |--- class: 45
|   |   |   |   |   |   |   |   |   |   |--- feature_4 >  0.50
|   |   |   |   |   |   |   |   |   |   |   |--- truncated branch of depth 3
|   |   |   |   |   |   |   |   |   |--- feature_16 >  3.50
|   |   |   |   |   |   |   |   |   |   |--- feature_6 <= 0.50
|   |   |   |   |   |   |   |   |   |   |   |--- truncated branch of depth 2
|   |   |   |   |   |   |   |   |   |   |--- feature_6 >  0.50
|   |   |   |   |   |   |   |   |   |   |   |--- truncated branch of depth 2
|   |   |   |   |   |   |--- feature_8 >  3.50
|   |   |   |   |   |   |   |--- feature_16 <= 2.50
|   |   |   |   |   |   |   |   |--- feature_3 <= 1.50
|   |   |   |   |   |   |   |   |   |--- feature_11 <= 2.00
|   |   |   |   |   |   |   |   |   |   |--- class: 51
|   |   |   |   |   |   |   |   |   |--- feature_11 >  2.00
|   |   |   |   |   |   |   |   |   |   |--- class: 49
|   |   |   |   |   |   |   |   |--- feature_3 >  1.50
|   |   |   |   |   |   |   |   |   |--- class: 59
|   |   |   |   |   |   |   |--- feature_16 >  2.50
|   |   |   |   |   |   |   |   |--- class: 39
|   |   |   |   |   |--- feature_1 >  2.50
|   |   |   |   |   |   |--- feature_16 <= 1.50
|   |   |   |   |   |   |   |--- feature_7 <= 2.50
|   |   |   |   |   |   |   |   |--- feature_5 <= 2.00
|   |   |   |   |   |   |   |   |   |--- feature_17 <= 1.50
|   |   |   |   |   |   |   |   |   |   |--- class: 48
|   |   |   |   |   |   |   |   |   |--- feature_17 >  1.50
|   |   |   |   |   |   |   |   |   |   |--- class: 40
|   |   |   |   |   |   |   |   |--- feature_5 >  2.00
|   |   |   |   |   |   |   |   |   |--- feature_3 <= 2.50
|   |   |   |   |   |   |   |   |   |   |--- class: 51
|   |   |   |   |   |   |   |   |   |--- feature_3 >  2.50
|   |   |   |   |   |   |   |   |   |   |--- feature_1 <= 3.50
|   |   |   |   |   |   |   |   |   |   |   |--- class: 50
|   |   |   |   |   |   |   |   |   |   |--- feature_1 >  3.50
|   |   |   |   |   |   |   |   |   |   |   |--- class: 56
|   |   |   |   |   |   |   |--- feature_7 >  2.50
|   |   |   |   |   |   |   |   |--- class: 38
|   |   |   |   |   |   |--- feature_16 >  1.50
|   |   |   |   |   |   |   |--- feature_8 <= 2.50
|   |   |   |   |   |   |   |   |--- feature_8 <= 1.50
|   |   |   |   |   |   |   |   |   |--- feature_9 <= 1.50
|   |   |   |   |   |   |   |   |   |   |--- class: 48
|   |   |   |   |   |   |   |   |   |--- feature_9 >  1.50
|   |   |   |   |   |   |   |   |   |   |--- feature_18 <= 1.50
|   |   |   |   |   |   |   |   |   |   |   |--- class: 39
|   |   |   |   |   |   |   |   |   |   |--- feature_18 >  1.50
|   |   |   |   |   |   |   |   |   |   |   |--- truncated branch of depth 3
|   |   |   |   |   |   |   |   |--- feature_8 >  1.50
|   |   |   |   |   |   |   |   |   |--- class: 49
|   |   |   |   |   |   |   |--- feature_8 >  2.50
|   |   |   |   |   |   |   |   |--- feature_13 <= 2.50
|   |   |   |   |   |   |   |   |   |--- feature_11 <= 0.50
|   |   |   |   |   |   |   |   |   |   |--- class: 53
|   |   |   |   |   |   |   |   |   |--- feature_11 >  0.50
|   |   |   |   |   |   |   |   |   |   |--- class: 43
|   |   |   |   |   |   |   |   |--- feature_13 >  2.50
|   |   |   |   |   |   |   |   |   |--- feature_16 <= 3.00
|   |   |   |   |   |   |   |   |   |   |--- class: 48
|   |   |   |   |   |   |   |   |   |--- feature_16 >  3.00
|   |   |   |   |   |   |   |   |   |   |--- class: 55
|   |   |   |--- feature_6 >  1.50
|   |   |   |   |--- feature_2 <= 3.50
|   |   |   |   |   |--- feature_17 <= 1.50
|   |   |   |   |   |   |--- feature_2 <= 2.50
|   |   |   |   |   |   |   |--- feature_7 <= 2.50
|   |   |   |   |   |   |   |   |--- feature_8 <= 3.50
|   |   |   |   |   |   |   |   |   |--- feature_15 <= 0.50
|   |   |   |   |   |   |   |   |   |   |--- feature_3 <= 0.50
|   |   |   |   |   |   |   |   |   |   |   |--- class: 57
|   |   |   |   |   |   |   |   |   |   |--- feature_3 >  0.50
|   |   |   |   |   |   |   |   |   |   |   |--- class: 41
|   |   |   |   |   |   |   |   |   |--- feature_15 >  0.50
|   |   |   |   |   |   |   |   |   |   |--- feature_5 <= 3.50
|   |   |   |   |   |   |   |   |   |   |   |--- truncated branch of depth 7
|   |   |   |   |   |   |   |   |   |   |--- feature_5 >  3.50
|   |   |   |   |   |   |   |   |   |   |   |--- truncated branch of depth 3
|   |   |   |   |   |   |   |   |--- feature_8 >  3.50
|   |   |   |   |   |   |   |   |   |--- class: 47
|   |   |   |   |   |   |   |--- feature_7 >  2.50
|   |   |   |   |   |   |   |   |--- feature_17 <= 0.50
|   |   |   |   |   |   |   |   |   |--- feature_14 <= 1.50
|   |   |   |   |   |   |   |   |   |   |--- feature_11 <= 2.00
|   |   |   |   |   |   |   |   |   |   |   |--- class: 56
|   |   |   |   |   |   |   |   |   |   |--- feature_11 >  2.00
|   |   |   |   |   |   |   |   |   |   |   |--- class: 50
|   |   |   |   |   |   |   |   |   |--- feature_14 >  1.50
|   |   |   |   |   |   |   |   |   |   |--- feature_15 <= 2.50
|   |   |   |   |   |   |   |   |   |   |   |--- truncated branch of depth 4
|   |   |   |   |   |   |   |   |   |   |--- feature_15 >  2.50
|   |   |   |   |   |   |   |   |   |   |   |--- truncated branch of depth 3
|   |   |   |   |   |   |   |   |--- feature_17 >  0.50
|   |   |   |   |   |   |   |   |   |--- feature_12 <= 1.50
|   |   |   |   |   |   |   |   |   |   |--- feature_14 <= 3.50
|   |   |   |   |   |   |   |   |   |   |   |--- truncated branch of depth 2
|   |   |   |   |   |   |   |   |   |   |--- feature_14 >  3.50
|   |   |   |   |   |   |   |   |   |   |   |--- class: 37
|   |   |   |   |   |   |   |   |   |--- feature_12 >  1.50
|   |   |   |   |   |   |   |   |   |   |--- feature_0 <= 0.50
|   |   |   |   |   |   |   |   |   |   |   |--- class: 50
|   |   |   |   |   |   |   |   |   |   |--- feature_0 >  0.50
|   |   |   |   |   |   |   |   |   |   |   |--- truncated branch of depth 3
|   |   |   |   |   |   |--- feature_2 >  2.50
|   |   |   |   |   |   |   |--- feature_10 <= 0.50
|   |   |   |   |   |   |   |   |--- feature_4 <= 2.00
|   |   |   |   |   |   |   |   |   |--- feature_1 <= 2.50
|   |   |   |   |   |   |   |   |   |   |--- class: 55
|   |   |   |   |   |   |   |   |   |--- feature_1 >  2.50
|   |   |   |   |   |   |   |   |   |   |--- feature_12 <= 2.50
|   |   |   |   |   |   |   |   |   |   |   |--- class: 52
|   |   |   |   |   |   |   |   |   |   |--- feature_12 >  2.50
|   |   |   |   |   |   |   |   |   |   |   |--- class: 45
|   |   |   |   |   |   |   |   |--- feature_4 >  2.00
|   |   |   |   |   |   |   |   |   |--- class: 39
|   |   |   |   |   |   |   |--- feature_10 >  0.50
|   |   |   |   |   |   |   |   |--- feature_18 <= 3.50
|   |   |   |   |   |   |   |   |   |--- feature_8 <= 2.50
|   |   |   |   |   |   |   |   |   |   |--- feature_4 <= 2.00
|   |   |   |   |   |   |   |   |   |   |   |--- truncated branch of depth 3
|   |   |   |   |   |   |   |   |   |   |--- feature_4 >  2.00
|   |   |   |   |   |   |   |   |   |   |   |--- truncated branch of depth 4
|   |   |   |   |   |   |   |   |   |--- feature_8 >  2.50
|   |   |   |   |   |   |   |   |   |   |--- feature_7 <= 2.50
|   |   |   |   |   |   |   |   |   |   |   |--- truncated branch of depth 3
|   |   |   |   |   |   |   |   |   |   |--- feature_7 >  2.50
|   |   |   |   |   |   |   |   |   |   |   |--- truncated branch of depth 2
|   |   |   |   |   |   |   |   |--- feature_18 >  3.50
|   |   |   |   |   |   |   |   |   |--- feature_10 <= 1.50
|   |   |   |   |   |   |   |   |   |   |--- class: 38
|   |   |   |   |   |   |   |   |   |--- feature_10 >  1.50
|   |   |   |   |   |   |   |   |   |   |--- feature_17 <= 0.50
|   |   |   |   |   |   |   |   |   |   |   |--- class: 33
|   |   |   |   |   |   |   |   |   |   |--- feature_17 >  0.50
|   |   |   |   |   |   |   |   |   |   |   |--- truncated branch of depth 3
|   |   |   |   |   |--- feature_17 >  1.50
|   |   |   |   |   |   |--- feature_9 <= 2.50
|   |   |   |   |   |   |   |--- feature_12 <= 3.50
|   |   |   |   |   |   |   |   |--- feature_10 <= 0.50
|   |   |   |   |   |   |   |   |   |--- feature_5 <= 3.50
|   |   |   |   |   |   |   |   |   |   |--- feature_15 <= 0.50
|   |   |   |   |   |   |   |   |   |   |   |--- truncated branch of depth 2
|   |   |   |   |   |   |   |   |   |   |--- feature_15 >  0.50
|   |   |   |   |   |   |   |   |   |   |   |--- truncated branch of depth 4
|   |   |   |   |   |   |   |   |   |--- feature_5 >  3.50
|   |   |   |   |   |   |   |   |   |   |--- feature_4 <= 1.50
|   |   |   |   |   |   |   |   |   |   |   |--- class: 41
|   |   |   |   |   |   |   |   |   |   |--- feature_4 >  1.50
|   |   |   |   |   |   |   |   |   |   |   |--- class: 39
|   |   |   |   |   |   |   |   |--- feature_10 >  0.50
|   |   |   |   |   |   |   |   |   |--- feature_7 <= 2.50
|   |   |   |   |   |   |   |   |   |   |--- feature_8 <= 2.50
|   |   |   |   |   |   |   |   |   |   |   |--- truncated branch of depth 8
|   |   |   |   |   |   |   |   |   |   |--- feature_8 >  2.50
|   |   |   |   |   |   |   |   |   |   |   |--- truncated branch of depth 5
|   |   |   |   |   |   |   |   |   |--- feature_7 >  2.50
|   |   |   |   |   |   |   |   |   |   |--- feature_10 <= 3.50
|   |   |   |   |   |   |   |   |   |   |   |--- truncated branch of depth 7
|   |   |   |   |   |   |   |   |   |   |--- feature_10 >  3.50
|   |   |   |   |   |   |   |   |   |   |   |--- truncated branch of depth 6
|   |   |   |   |   |   |   |--- feature_12 >  3.50
|   |   |   |   |   |   |   |   |--- feature_8 <= 3.50
|   |   |   |   |   |   |   |   |   |--- feature_18 <= 3.50
|   |   |   |   |   |   |   |   |   |   |--- feature_16 <= 2.50
|   |   |   |   |   |   |   |   |   |   |   |--- truncated branch of depth 4
|   |   |   |   |   |   |   |   |   |   |--- feature_16 >  2.50
|   |   |   |   |   |   |   |   |   |   |   |--- truncated branch of depth 2
|   |   |   |   |   |   |   |   |   |--- feature_18 >  3.50
|   |   |   |   |   |   |   |   |   |   |--- feature_5 <= 3.00
|   |   |   |   |   |   |   |   |   |   |   |--- class: 37
|   |   |   |   |   |   |   |   |   |   |--- feature_5 >  3.00
|   |   |   |   |   |   |   |   |   |   |   |--- class: 58
|   |   |   |   |   |   |   |   |--- feature_8 >  3.50
|   |   |   |   |   |   |   |   |   |--- feature_11 <= 1.50
|   |   |   |   |   |   |   |   |   |   |--- feature_0 <= 2.50
|   |   |   |   |   |   |   |   |   |   |   |--- class: 42
|   |   |   |   |   |   |   |   |   |   |--- feature_0 >  2.50
|   |   |   |   |   |   |   |   |   |   |   |--- class: 43
|   |   |   |   |   |   |   |   |   |--- feature_11 >  1.50
|   |   |   |   |   |   |   |   |   |   |--- class: 59
|   |   |   |   |   |   |--- feature_9 >  2.50
|   |   |   |   |   |   |   |--- feature_5 <= 3.50
|   |   |   |   |   |   |   |   |--- feature_16 <= 0.50
|   |   |   |   |   |   |   |   |   |--- feature_6 <= 3.50
|   |   |   |   |   |   |   |   |   |   |--- feature_8 <= 2.00
|   |   |   |   |   |   |   |   |   |   |   |--- class: 36
|   |   |   |   |   |   |   |   |   |   |--- feature_8 >  2.00
|   |   |   |   |   |   |   |   |   |   |   |--- truncated branch of depth 2
|   |   |   |   |   |   |   |   |   |--- feature_6 >  3.50
|   |   |   |   |   |   |   |   |   |   |--- feature_10 <= 1.50
|   |   |   |   |   |   |   |   |   |   |   |--- class: 32
|   |   |   |   |   |   |   |   |   |   |--- feature_10 >  1.50
|   |   |   |   |   |   |   |   |   |   |   |--- class: 39
|   |   |   |   |   |   |   |   |--- feature_16 >  0.50
|   |   |   |   |   |   |   |   |   |--- feature_0 <= 3.50
|   |   |   |   |   |   |   |   |   |   |--- feature_1 <= 0.50
|   |   |   |   |   |   |   |   |   |   |   |--- truncated branch of depth 3
|   |   |   |   |   |   |   |   |   |   |--- feature_1 >  0.50
|   |   |   |   |   |   |   |   |   |   |   |--- truncated branch of depth 4
|   |   |   |   |   |   |   |   |   |--- feature_0 >  3.50
|   |   |   |   |   |   |   |   |   |   |--- feature_14 <= 3.50
|   |   |   |   |   |   |   |   |   |   |   |--- truncated branch of depth 3
|   |   |   |   |   |   |   |   |   |   |--- feature_14 >  3.50
|   |   |   |   |   |   |   |   |   |   |   |--- class: 52
|   |   |   |   |   |   |   |--- feature_5 >  3.50
|   |   |   |   |   |   |   |   |--- feature_17 <= 3.50
|   |   |   |   |   |   |   |   |   |--- feature_19 <= 0.50
|   |   |   |   |   |   |   |   |   |   |--- class: 53
|   |   |   |   |   |   |   |   |   |--- feature_19 >  0.50
|   |   |   |   |   |   |   |   |   |   |--- class: 57
|   |   |   |   |   |   |   |   |--- feature_17 >  3.50
|   |   |   |   |   |   |   |   |   |--- feature_11 <= 1.50
|   |   |   |   |   |   |   |   |   |   |--- class: 37
|   |   |   |   |   |   |   |   |   |--- feature_11 >  1.50
|   |   |   |   |   |   |   |   |   |   |--- feature_10 <= 1.00
|   |   |   |   |   |   |   |   |   |   |   |--- class: 58
|   |   |   |   |   |   |   |   |   |   |--- feature_10 >  1.00
|   |   |   |   |   |   |   |   |   |   |   |--- truncated branch of depth 3
|   |   |   |   |--- feature_2 >  3.50
|   |   |   |   |   |--- feature_17 <= 1.50
|   |   |   |   |   |   |--- feature_0 <= 0.50
|   |   |   |   |   |   |   |--- feature_18 <= 1.50
|   |   |   |   |   |   |   |   |--- feature_9 <= 1.00
|   |   |   |   |   |   |   |   |   |--- class: 36
|   |   |   |   |   |   |   |   |--- feature_9 >  1.00
|   |   |   |   |   |   |   |   |   |--- class: 35
|   |   |   |   |   |   |   |--- feature_18 >  1.50
|   |   |   |   |   |   |   |   |--- class: 37
|   |   |   |   |   |   |--- feature_0 >  0.50
|   |   |   |   |   |   |   |--- feature_10 <= 2.50
|   |   |   |   |   |   |   |   |--- feature_15 <= 0.50
|   |   |   |   |   |   |   |   |   |--- feature_5 <= 0.50
|   |   |   |   |   |   |   |   |   |   |--- class: 38
|   |   |   |   |   |   |   |   |   |--- feature_5 >  0.50
|   |   |   |   |   |   |   |   |   |   |--- class: 57
|   |   |   |   |   |   |   |   |--- feature_15 >  0.50
|   |   |   |   |   |   |   |   |   |--- feature_7 <= 3.50
|   |   |   |   |   |   |   |   |   |   |--- feature_1 <= 3.50
|   |   |   |   |   |   |   |   |   |   |   |--- truncated branch of depth 6
|   |   |   |   |   |   |   |   |   |   |--- feature_1 >  3.50
|   |   |   |   |   |   |   |   |   |   |   |--- truncated branch of depth 3
|   |   |   |   |   |   |   |   |   |--- feature_7 >  3.50
|   |   |   |   |   |   |   |   |   |   |--- feature_9 <= 3.50
|   |   |   |   |   |   |   |   |   |   |   |--- class: 42
|   |   |   |   |   |   |   |   |   |   |--- feature_9 >  3.50
|   |   |   |   |   |   |   |   |   |   |   |--- truncated branch of depth 3
|   |   |   |   |   |   |   |--- feature_10 >  2.50
|   |   |   |   |   |   |   |   |--- feature_17 <= 0.50
|   |   |   |   |   |   |   |   |   |--- feature_18 <= 1.50
|   |   |   |   |   |   |   |   |   |   |--- feature_19 <= 0.50
|   |   |   |   |   |   |   |   |   |   |   |--- class: 44
|   |   |   |   |   |   |   |   |   |   |--- feature_19 >  0.50
|   |   |   |   |   |   |   |   |   |   |   |--- class: 43
|   |   |   |   |   |   |   |   |   |--- feature_18 >  1.50
|   |   |   |   |   |   |   |   |   |   |--- feature_14 <= 3.50
|   |   |   |   |   |   |   |   |   |   |   |--- class: 45
|   |   |   |   |   |   |   |   |   |   |--- feature_14 >  3.50
|   |   |   |   |   |   |   |   |   |   |   |--- truncated branch of depth 2
|   |   |   |   |   |   |   |   |--- feature_17 >  0.50
|   |   |   |   |   |   |   |   |   |--- feature_9 <= 3.00
|   |   |   |   |   |   |   |   |   |   |--- feature_11 <= 2.50
|   |   |   |   |   |   |   |   |   |   |   |--- truncated branch of depth 3
|   |   |   |   |   |   |   |   |   |   |--- feature_11 >  2.50
|   |   |   |   |   |   |   |   |   |   |   |--- class: 53
|   |   |   |   |   |   |   |   |   |--- feature_9 >  3.00
|   |   |   |   |   |   |   |   |   |   |--- feature_16 <= 1.50
|   |   |   |   |   |   |   |   |   |   |   |--- class: 41
|   |   |   |   |   |   |   |   |   |   |--- feature_16 >  1.50
|   |   |   |   |   |   |   |   |   |   |   |--- class: 52
|   |   |   |   |   |--- feature_17 >  1.50
|   |   |   |   |   |   |--- feature_15 <= 1.50
|   |   |   |   |   |   |   |--- feature_5 <= 0.50
|   |   |   |   |   |   |   |   |--- feature_3 <= 2.50
|   |   |   |   |   |   |   |   |   |--- feature_8 <= 2.50
|   |   |   |   |   |   |   |   |   |   |--- class: 52
|   |   |   |   |   |   |   |   |   |--- feature_8 >  2.50
|   |   |   |   |   |   |   |   |   |   |--- feature_0 <= 1.00
|   |   |   |   |   |   |   |   |   |   |   |--- truncated branch of depth 2
|   |   |   |   |   |   |   |   |   |   |--- feature_0 >  1.00
|   |   |   |   |   |   |   |   |   |   |   |--- truncated branch of depth 2
|   |   |   |   |   |   |   |   |--- feature_3 >  2.50
|   |   |   |   |   |   |   |   |   |--- class: 44
|   |   |   |   |   |   |   |--- feature_5 >  0.50
|   |   |   |   |   |   |   |   |--- feature_7 <= 3.50
|   |   |   |   |   |   |   |   |   |--- feature_1 <= 0.50
|   |   |   |   |   |   |   |   |   |   |--- feature_7 <= 2.50
|   |   |   |   |   |   |   |   |   |   |   |--- class: 34
|   |   |   |   |   |   |   |   |   |   |--- feature_7 >  2.50
|   |   |   |   |   |   |   |   |   |   |   |--- class: 50
|   |   |   |   |   |   |   |   |   |--- feature_1 >  0.50
|   |   |   |   |   |   |   |   |   |   |--- feature_11 <= 2.50
|   |   |   |   |   |   |   |   |   |   |   |--- truncated branch of depth 4
|   |   |   |   |   |   |   |   |   |   |--- feature_11 >  2.50
|   |   |   |   |   |   |   |   |   |   |   |--- truncated branch of depth 3
|   |   |   |   |   |   |   |   |--- feature_7 >  3.50
|   |   |   |   |   |   |   |   |   |--- class: 46
|   |   |   |   |   |   |--- feature_15 >  1.50
|   |   |   |   |   |   |   |--- feature_5 <= 0.50
|   |   |   |   |   |   |   |   |--- feature_0 <= 1.50
|   |   |   |   |   |   |   |   |   |--- feature_6 <= 3.50
|   |   |   |   |   |   |   |   |   |   |--- class: 36
|   |   |   |   |   |   |   |   |   |--- feature_6 >  3.50
|   |   |   |   |   |   |   |   |   |   |--- feature_12 <= 2.50
|   |   |   |   |   |   |   |   |   |   |   |--- class: 37
|   |   |   |   |   |   |   |   |   |   |--- feature_12 >  2.50
|   |   |   |   |   |   |   |   |   |   |   |--- class: 39
|   |   |   |   |   |   |   |   |--- feature_0 >  1.50
|   |   |   |   |   |   |   |   |   |--- class: 33
|   |   |   |   |   |   |   |--- feature_5 >  0.50
|   |   |   |   |   |   |   |   |--- feature_5 <= 1.50
|   |   |   |   |   |   |   |   |   |--- feature_0 <= 1.50
|   |   |   |   |   |   |   |   |   |   |--- feature_7 <= 2.00
|   |   |   |   |   |   |   |   |   |   |   |--- class: 59
|   |   |   |   |   |   |   |   |   |   |--- feature_7 >  2.00
|   |   |   |   |   |   |   |   |   |   |   |--- truncated branch of depth 3
|   |   |   |   |   |   |   |   |   |--- feature_0 >  1.50
|   |   |   |   |   |   |   |   |   |   |--- feature_11 <= 1.50
|   |   |   |   |   |   |   |   |   |   |   |--- truncated branch of depth 3
|   |   |   |   |   |   |   |   |   |   |--- feature_11 >  1.50
|   |   |   |   |   |   |   |   |   |   |   |--- class: 43
|   |   |   |   |   |   |   |   |--- feature_5 >  1.50
|   |   |   |   |   |   |   |   |   |--- feature_12 <= 3.50
|   |   |   |   |   |   |   |   |   |   |--- feature_17 <= 2.50
|   |   |   |   |   |   |   |   |   |   |   |--- truncated branch of depth 4
|   |   |   |   |   |   |   |   |   |   |--- feature_17 >  2.50
|   |   |   |   |   |   |   |   |   |   |   |--- truncated branch of depth 5
|   |   |   |   |   |   |   |   |   |--- feature_12 >  3.50
|   |   |   |   |   |   |   |   |   |   |--- feature_10 <= 1.50
|   |   |   |   |   |   |   |   |   |   |   |--- class: 33
|   |   |   |   |   |   |   |   |   |   |--- feature_10 >  1.50
|   |   |   |   |   |   |   |   |   |   |   |--- truncated branch of depth 4
|   |--- feature_11 >  3.50
|   |   |--- feature_18 <= 2.50
|   |   |   |--- feature_3 <= 0.50
|   |   |   |   |--- feature_18 <= 1.50
|   |   |   |   |   |--- feature_12 <= 3.50
|   |   |   |   |   |   |--- feature_2 <= 1.50
|   |   |   |   |   |   |   |--- feature_1 <= 0.50
|   |   |   |   |   |   |   |   |--- class: 33
|   |   |   |   |   |   |   |--- feature_1 >  0.50
|   |   |   |   |   |   |   |   |--- feature_1 <= 2.00
|   |   |   |   |   |   |   |   |   |--- class: 57
|   |   |   |   |   |   |   |   |--- feature_1 >  2.00
|   |   |   |   |   |   |   |   |   |--- feature_2 <= 0.50
|   |   |   |   |   |   |   |   |   |   |--- class: 36
|   |   |   |   |   |   |   |   |   |--- feature_2 >  0.50
|   |   |   |   |   |   |   |   |   |   |--- class: 55
|   |   |   |   |   |   |--- feature_2 >  1.50
|   |   |   |   |   |   |   |--- feature_9 <= 2.50
|   |   |   |   |   |   |   |   |--- class: 48
|   |   |   |   |   |   |   |--- feature_9 >  2.50
|   |   |   |   |   |   |   |   |--- feature_7 <= 1.50
|   |   |   |   |   |   |   |   |   |--- class: 55
|   |   |   |   |   |   |   |   |--- feature_7 >  1.50
|   |   |   |   |   |   |   |   |   |--- class: 39
|   |   |   |   |   |--- feature_12 >  3.50
|   |   |   |   |   |   |--- feature_7 <= 3.50
|   |   |   |   |   |   |   |--- feature_1 <= 2.50
|   |   |   |   |   |   |   |   |--- class: 59
|   |   |   |   |   |   |   |--- feature_1 >  2.50
|   |   |   |   |   |   |   |   |--- class: 40
|   |   |   |   |   |   |--- feature_7 >  3.50
|   |   |   |   |   |   |   |--- class: 51
|   |   |   |   |--- feature_18 >  1.50
|   |   |   |   |   |--- feature_8 <= 1.00
|   |   |   |   |   |   |--- feature_13 <= 1.00
|   |   |   |   |   |   |   |--- class: 59
|   |   |   |   |   |   |--- feature_13 >  1.00
|   |   |   |   |   |   |   |--- feature_9 <= 2.00
|   |   |   |   |   |   |   |   |--- class: 36
|   |   |   |   |   |   |   |--- feature_9 >  2.00
|   |   |   |   |   |   |   |   |--- class: 45
|   |   |   |   |   |--- feature_8 >  1.00
|   |   |   |   |   |   |--- feature_19 <= 1.50
|   |   |   |   |   |   |   |--- feature_6 <= 2.00
|   |   |   |   |   |   |   |   |--- class: 54
|   |   |   |   |   |   |   |--- feature_6 >  2.00
|   |   |   |   |   |   |   |   |--- feature_14 <= 2.00
|   |   |   |   |   |   |   |   |   |--- class: 40
|   |   |   |   |   |   |   |   |--- feature_14 >  2.00
|   |   |   |   |   |   |   |   |   |--- class: 54
|   |   |   |   |   |   |--- feature_19 >  1.50
|   |   |   |   |   |   |   |--- feature_12 <= 1.00
|   |   |   |   |   |   |   |   |--- feature_7 <= 2.00
|   |   |   |   |   |   |   |   |   |--- class: 41
|   |   |   |   |   |   |   |   |--- feature_7 >  2.00
|   |   |   |   |   |   |   |   |   |--- class: 40
|   |   |   |   |   |   |   |--- feature_12 >  1.00
|   |   |   |   |   |   |   |   |--- feature_5 <= 2.50
|   |   |   |   |   |   |   |   |   |--- class: 52
|   |   |   |   |   |   |   |   |--- feature_5 >  2.50
|   |   |   |   |   |   |   |   |   |--- class: 51
|   |   |   |--- feature_3 >  0.50
|   |   |   |   |--- feature_5 <= 3.50
|   |   |   |   |   |--- feature_13 <= 3.50
|   |   |   |   |   |   |--- feature_7 <= 3.50
|   |   |   |   |   |   |   |--- feature_2 <= 3.50
|   |   |   |   |   |   |   |   |--- feature_19 <= 2.50
|   |   |   |   |   |   |   |   |   |--- feature_2 <= 2.50
|   |   |   |   |   |   |   |   |   |   |--- feature_9 <= 1.50
|   |   |   |   |   |   |   |   |   |   |   |--- truncated branch of depth 4
|   |   |   |   |   |   |   |   |   |   |--- feature_9 >  1.50
|   |   |   |   |   |   |   |   |   |   |   |--- truncated branch of depth 4
|   |   |   |   |   |   |   |   |   |--- feature_2 >  2.50
|   |   |   |   |   |   |   |   |   |   |--- feature_17 <= 1.50
|   |   |   |   |   |   |   |   |   |   |   |--- truncated branch of depth 4
|   |   |   |   |   |   |   |   |   |   |--- feature_17 >  1.50
|   |   |   |   |   |   |   |   |   |   |   |--- class: 57
|   |   |   |   |   |   |   |   |--- feature_19 >  2.50
|   |   |   |   |   |   |   |   |   |--- feature_14 <= 0.50
|   |   |   |   |   |   |   |   |   |   |--- feature_5 <= 2.00
|   |   |   |   |   |   |   |   |   |   |   |--- truncated branch of depth 2
|   |   |   |   |   |   |   |   |   |   |--- feature_5 >  2.00
|   |   |   |   |   |   |   |   |   |   |   |--- class: 51
|   |   |   |   |   |   |   |   |   |--- feature_14 >  0.50
|   |   |   |   |   |   |   |   |   |   |--- feature_9 <= 0.50
|   |   |   |   |   |   |   |   |   |   |   |--- truncated branch of depth 2
|   |   |   |   |   |   |   |   |   |   |--- feature_9 >  0.50
|   |   |   |   |   |   |   |   |   |   |   |--- truncated branch of depth 6
|   |   |   |   |   |   |   |--- feature_2 >  3.50
|   |   |   |   |   |   |   |   |--- feature_10 <= 1.50
|   |   |   |   |   |   |   |   |   |--- class: 51
|   |   |   |   |   |   |   |   |--- feature_10 >  1.50
|   |   |   |   |   |   |   |   |   |--- feature_9 <= 2.50
|   |   |   |   |   |   |   |   |   |   |--- feature_3 <= 1.50
|   |   |   |   |   |   |   |   |   |   |   |--- class: 43
|   |   |   |   |   |   |   |   |   |   |--- feature_3 >  1.50
|   |   |   |   |   |   |   |   |   |   |   |--- truncated branch of depth 3
|   |   |   |   |   |   |   |   |   |--- feature_9 >  2.50
|   |   |   |   |   |   |   |   |   |   |--- feature_10 <= 2.50
|   |   |   |   |   |   |   |   |   |   |   |--- class: 54
|   |   |   |   |   |   |   |   |   |   |--- feature_10 >  2.50
|   |   |   |   |   |   |   |   |   |   |   |--- class: 34
|   |   |   |   |   |   |--- feature_7 >  3.50
|   |   |   |   |   |   |   |--- feature_13 <= 2.00
|   |   |   |   |   |   |   |   |--- feature_17 <= 2.00
|   |   |   |   |   |   |   |   |   |--- class: 40
|   |   |   |   |   |   |   |   |--- feature_17 >  2.00
|   |   |   |   |   |   |   |   |   |--- feature_9 <= 1.50
|   |   |   |   |   |   |   |   |   |   |--- class: 59
|   |   |   |   |   |   |   |   |   |--- feature_9 >  1.50
|   |   |   |   |   |   |   |   |   |   |--- feature_5 <= 1.50
|   |   |   |   |   |   |   |   |   |   |   |--- truncated branch of depth 2
|   |   |   |   |   |   |   |   |   |   |--- feature_5 >  1.50
|   |   |   |   |   |   |   |   |   |   |   |--- class: 47
|   |   |   |   |   |   |   |--- feature_13 >  2.00
|   |   |   |   |   |   |   |   |--- feature_8 <= 2.50
|   |   |   |   |   |   |   |   |   |--- feature_14 <= 1.00
|   |   |   |   |   |   |   |   |   |   |--- class: 39
|   |   |   |   |   |   |   |   |   |--- feature_14 >  1.00
|   |   |   |   |   |   |   |   |   |   |--- class: 58
|   |   |   |   |   |   |   |   |--- feature_8 >  2.50
|   |   |   |   |   |   |   |   |   |--- class: 53
|   |   |   |   |   |--- feature_13 >  3.50
|   |   |   |   |   |   |--- feature_8 <= 0.50
|   |   |   |   |   |   |   |--- feature_6 <= 1.50
|   |   |   |   |   |   |   |   |--- class: 40
|   |   |   |   |   |   |   |--- feature_6 >  1.50
|   |   |   |   |   |   |   |   |--- feature_19 <= 3.50
|   |   |   |   |   |   |   |   |   |--- class: 42
|   |   |   |   |   |   |   |   |--- feature_19 >  3.50
|   |   |   |   |   |   |   |   |   |--- feature_10 <= 3.00
|   |   |   |   |   |   |   |   |   |   |--- class: 59
|   |   |   |   |   |   |   |   |   |--- feature_10 >  3.00
|   |   |   |   |   |   |   |   |   |   |--- class: 41
|   |   |   |   |   |   |--- feature_8 >  0.50
|   |   |   |   |   |   |   |--- feature_14 <= 2.50
|   |   |   |   |   |   |   |   |--- feature_6 <= 3.50
|   |   |   |   |   |   |   |   |   |--- class: 53
|   |   |   |   |   |   |   |   |--- feature_6 >  3.50
|   |   |   |   |   |   |   |   |   |--- feature_3 <= 2.50
|   |   |   |   |   |   |   |   |   |   |--- class: 44
|   |   |   |   |   |   |   |   |   |--- feature_3 >  2.50
|   |   |   |   |   |   |   |   |   |   |--- class: 38
|   |   |   |   |   |   |   |--- feature_14 >  2.50
|   |   |   |   |   |   |   |   |--- feature_18 <= 1.00
|   |   |   |   |   |   |   |   |   |--- class: 38
|   |   |   |   |   |   |   |   |--- feature_18 >  1.00
|   |   |   |   |   |   |   |   |   |--- feature_4 <= 3.00
|   |   |   |   |   |   |   |   |   |   |--- class: 49
|   |   |   |   |   |   |   |   |   |--- feature_4 >  3.00
|   |   |   |   |   |   |   |   |   |   |--- class: 40
|   |   |   |   |--- feature_5 >  3.50
|   |   |   |   |   |--- feature_16 <= 0.50
|   |   |   |   |   |   |--- feature_15 <= 3.00
|   |   |   |   |   |   |   |--- feature_3 <= 1.50
|   |   |   |   |   |   |   |   |--- class: 55
|   |   |   |   |   |   |   |--- feature_3 >  1.50
|   |   |   |   |   |   |   |   |--- class: 47
|   |   |   |   |   |   |--- feature_15 >  3.00
|   |   |   |   |   |   |   |--- class: 38
|   |   |   |   |   |--- feature_16 >  0.50
|   |   |   |   |   |   |--- feature_1 <= 3.50
|   |   |   |   |   |   |   |--- feature_2 <= 2.50
|   |   |   |   |   |   |   |   |--- feature_9 <= 3.00
|   |   |   |   |   |   |   |   |   |--- feature_6 <= 2.50
|   |   |   |   |   |   |   |   |   |   |--- feature_19 <= 0.50
|   |   |   |   |   |   |   |   |   |   |   |--- class: 50
|   |   |   |   |   |   |   |   |   |   |--- feature_19 >  0.50
|   |   |   |   |   |   |   |   |   |   |   |--- truncated branch of depth 2
|   |   |   |   |   |   |   |   |   |--- feature_6 >  2.50
|   |   |   |   |   |   |   |   |   |   |--- class: 50
|   |   |   |   |   |   |   |   |--- feature_9 >  3.00
|   |   |   |   |   |   |   |   |   |--- feature_18 <= 0.50
|   |   |   |   |   |   |   |   |   |   |--- class: 52
|   |   |   |   |   |   |   |   |   |--- feature_18 >  0.50
|   |   |   |   |   |   |   |   |   |   |--- class: 40
|   |   |   |   |   |   |   |--- feature_2 >  2.50
|   |   |   |   |   |   |   |   |--- feature_15 <= 1.50
|   |   |   |   |   |   |   |   |   |--- feature_1 <= 1.50
|   |   |   |   |   |   |   |   |   |   |--- class: 48
|   |   |   |   |   |   |   |   |   |--- feature_1 >  1.50
|   |   |   |   |   |   |   |   |   |   |--- class: 55
|   |   |   |   |   |   |   |   |--- feature_15 >  1.50
|   |   |   |   |   |   |   |   |   |--- feature_2 <= 3.50
|   |   |   |   |   |   |   |   |   |   |--- class: 44
|   |   |   |   |   |   |   |   |   |--- feature_2 >  3.50
|   |   |   |   |   |   |   |   |   |   |--- feature_0 <= 1.00
|   |   |   |   |   |   |   |   |   |   |   |--- truncated branch of depth 2
|   |   |   |   |   |   |   |   |   |   |--- feature_0 >  1.00
|   |   |   |   |   |   |   |   |   |   |   |--- truncated branch of depth 2
|   |   |   |   |   |   |--- feature_1 >  3.50
|   |   |   |   |   |   |   |--- class: 43
|   |   |--- feature_18 >  2.50
|   |   |   |--- feature_4 <= 1.50
|   |   |   |   |--- feature_10 <= 1.50
|   |   |   |   |   |--- feature_8 <= 2.00
|   |   |   |   |   |   |--- feature_7 <= 2.50
|   |   |   |   |   |   |   |--- feature_14 <= 2.50
|   |   |   |   |   |   |   |   |--- class: 58
|   |   |   |   |   |   |   |--- feature_14 >  2.50
|   |   |   |   |   |   |   |   |--- class: 38
|   |   |   |   |   |   |--- feature_7 >  2.50
|   |   |   |   |   |   |   |--- class: 43
|   |   |   |   |   |--- feature_8 >  2.00
|   |   |   |   |   |   |--- feature_2 <= 2.50
|   |   |   |   |   |   |   |--- feature_17 <= 1.00
|   |   |   |   |   |   |   |   |--- class: 54
|   |   |   |   |   |   |   |--- feature_17 >  1.00
|   |   |   |   |   |   |   |   |--- feature_12 <= 1.50
|   |   |   |   |   |   |   |   |   |--- class: 33
|   |   |   |   |   |   |   |   |--- feature_12 >  1.50
|   |   |   |   |   |   |   |   |   |--- feature_5 <= 2.00
|   |   |   |   |   |   |   |   |   |   |--- class: 38
|   |   |   |   |   |   |   |   |   |--- feature_5 >  2.00
|   |   |   |   |   |   |   |   |   |   |--- feature_9 <= 3.00
|   |   |   |   |   |   |   |   |   |   |   |--- class: 41
|   |   |   |   |   |   |   |   |   |   |--- feature_9 >  3.00
|   |   |   |   |   |   |   |   |   |   |   |--- truncated branch of depth 2
|   |   |   |   |   |   |--- feature_2 >  2.50
|   |   |   |   |   |   |   |--- feature_16 <= 1.50
|   |   |   |   |   |   |   |   |--- class: 52
|   |   |   |   |   |   |   |--- feature_16 >  1.50
|   |   |   |   |   |   |   |   |--- class: 48
|   |   |   |   |--- feature_10 >  1.50
|   |   |   |   |   |--- feature_0 <= 1.50
|   |   |   |   |   |   |--- feature_14 <= 1.50
|   |   |   |   |   |   |   |--- feature_19 <= 0.50
|   |   |   |   |   |   |   |   |--- feature_1 <= 2.50
|   |   |   |   |   |   |   |   |   |--- class: 32
|   |   |   |   |   |   |   |   |--- feature_1 >  2.50
|   |   |   |   |   |   |   |   |   |--- feature_7 <= 2.50
|   |   |   |   |   |   |   |   |   |   |--- feature_0 <= 0.50
|   |   |   |   |   |   |   |   |   |   |   |--- class: 39
|   |   |   |   |   |   |   |   |   |   |--- feature_0 >  0.50
|   |   |   |   |   |   |   |   |   |   |   |--- class: 50
|   |   |   |   |   |   |   |   |   |--- feature_7 >  2.50
|   |   |   |   |   |   |   |   |   |   |--- class: 57
|   |   |   |   |   |   |   |--- feature_19 >  0.50
|   |   |   |   |   |   |   |   |--- feature_9 <= 2.50
|   |   |   |   |   |   |   |   |   |--- class: 40
|   |   |   |   |   |   |   |   |--- feature_9 >  2.50
|   |   |   |   |   |   |   |   |   |--- class: 44
|   |   |   |   |   |   |--- feature_14 >  1.50
|   |   |   |   |   |   |   |--- feature_15 <= 1.50
|   |   |   |   |   |   |   |   |--- class: 35
|   |   |   |   |   |   |   |--- feature_15 >  1.50
|   |   |   |   |   |   |   |   |--- class: 41
|   |   |   |   |   |--- feature_0 >  1.50
|   |   |   |   |   |   |--- feature_2 <= 3.00
|   |   |   |   |   |   |   |--- feature_13 <= 3.50
|   |   |   |   |   |   |   |   |--- feature_5 <= 3.50
|   |   |   |   |   |   |   |   |   |--- feature_9 <= 0.50
|   |   |   |   |   |   |   |   |   |   |--- feature_19 <= 2.50
|   |   |   |   |   |   |   |   |   |   |   |--- class: 36
|   |   |   |   |   |   |   |   |   |   |--- feature_19 >  2.50
|   |   |   |   |   |   |   |   |   |   |   |--- class: 34
|   |   |   |   |   |   |   |   |   |--- feature_9 >  0.50
|   |   |   |   |   |   |   |   |   |   |--- class: 36
|   |   |   |   |   |   |   |   |--- feature_5 >  3.50
|   |   |   |   |   |   |   |   |   |--- class: 42
|   |   |   |   |   |   |   |--- feature_13 >  3.50
|   |   |   |   |   |   |   |   |--- feature_17 <= 2.00
|   |   |   |   |   |   |   |   |   |--- class: 56
|   |   |   |   |   |   |   |   |--- feature_17 >  2.00
|   |   |   |   |   |   |   |   |   |--- class: 54
|   |   |   |   |   |   |--- feature_2 >  3.00
|   |   |   |   |   |   |   |--- feature_13 <= 2.00
|   |   |   |   |   |   |   |   |--- class: 32
|   |   |   |   |   |   |   |--- feature_13 >  2.00
|   |   |   |   |   |   |   |   |--- feature_16 <= 1.50
|   |   |   |   |   |   |   |   |   |--- class: 57
|   |   |   |   |   |   |   |   |--- feature_16 >  1.50
|   |   |   |   |   |   |   |   |   |--- class: 38
|   |   |   |--- feature_4 >  1.50
|   |   |   |   |--- feature_7 <= 2.50
|   |   |   |   |   |--- feature_2 <= 0.50
|   |   |   |   |   |   |--- feature_17 <= 2.50
|   |   |   |   |   |   |   |--- feature_9 <= 0.50
|   |   |   |   |   |   |   |   |--- class: 35
|   |   |   |   |   |   |   |--- feature_9 >  0.50
|   |   |   |   |   |   |   |   |--- class: 43
|   |   |   |   |   |   |--- feature_17 >  2.50
|   |   |   |   |   |   |   |--- feature_19 <= 1.00
|   |   |   |   |   |   |   |   |--- class: 33
|   |   |   |   |   |   |   |--- feature_19 >  1.00
|   |   |   |   |   |   |   |   |--- feature_0 <= 2.50
|   |   |   |   |   |   |   |   |   |--- class: 39
|   |   |   |   |   |   |   |   |--- feature_0 >  2.50
|   |   |   |   |   |   |   |   |   |--- class: 38
|   |   |   |   |   |--- feature_2 >  0.50
|   |   |   |   |   |   |--- feature_8 <= 1.50
|   |   |   |   |   |   |   |--- feature_0 <= 3.50
|   |   |   |   |   |   |   |   |--- feature_8 <= 0.50
|   |   |   |   |   |   |   |   |   |--- feature_0 <= 0.50
|   |   |   |   |   |   |   |   |   |   |--- class: 52
|   |   |   |   |   |   |   |   |   |--- feature_0 >  0.50
|   |   |   |   |   |   |   |   |   |   |--- class: 33
|   |   |   |   |   |   |   |   |--- feature_8 >  0.50
|   |   |   |   |   |   |   |   |   |--- class: 52
|   |   |   |   |   |   |   |--- feature_0 >  3.50
|   |   |   |   |   |   |   |   |--- feature_17 <= 1.50
|   |   |   |   |   |   |   |   |   |--- class: 34
|   |   |   |   |   |   |   |   |--- feature_17 >  1.50
|   |   |   |   |   |   |   |   |   |--- class: 47
|   |   |   |   |   |   |--- feature_8 >  1.50
|   |   |   |   |   |   |   |--- feature_2 <= 2.50
|   |   |   |   |   |   |   |   |--- feature_15 <= 3.50
|   |   |   |   |   |   |   |   |   |--- feature_16 <= 2.50
|   |   |   |   |   |   |   |   |   |   |--- class: 42
|   |   |   |   |   |   |   |   |   |--- feature_16 >  2.50
|   |   |   |   |   |   |   |   |   |   |--- class: 51
|   |   |   |   |   |   |   |   |--- feature_15 >  3.50
|   |   |   |   |   |   |   |   |   |--- class: 42
|   |   |   |   |   |   |   |--- feature_2 >  2.50
|   |   |   |   |   |   |   |   |--- feature_19 <= 2.50
|   |   |   |   |   |   |   |   |   |--- class: 44
|   |   |   |   |   |   |   |   |--- feature_19 >  2.50
|   |   |   |   |   |   |   |   |   |--- feature_5 <= 1.50
|   |   |   |   |   |   |   |   |   |   |--- class: 38
|   |   |   |   |   |   |   |   |   |--- feature_5 >  1.50
|   |   |   |   |   |   |   |   |   |   |--- class: 52
|   |   |   |   |--- feature_7 >  2.50
|   |   |   |   |   |--- feature_8 <= 1.50
|   |   |   |   |   |   |--- feature_13 <= 1.00
|   |   |   |   |   |   |   |--- class: 55
|   |   |   |   |   |   |--- feature_13 >  1.00
|   |   |   |   |   |   |   |--- feature_19 <= 1.50
|   |   |   |   |   |   |   |   |--- feature_12 <= 0.50
|   |   |   |   |   |   |   |   |   |--- feature_13 <= 3.00
|   |   |   |   |   |   |   |   |   |   |--- feature_16 <= 2.00
|   |   |   |   |   |   |   |   |   |   |   |--- class: 56
|   |   |   |   |   |   |   |   |   |   |--- feature_16 >  2.00
|   |   |   |   |   |   |   |   |   |   |   |--- class: 49
|   |   |   |   |   |   |   |   |   |--- feature_13 >  3.00
|   |   |   |   |   |   |   |   |   |   |--- feature_6 <= 1.50
|   |   |   |   |   |   |   |   |   |   |   |--- class: 43
|   |   |   |   |   |   |   |   |   |   |--- feature_6 >  1.50
|   |   |   |   |   |   |   |   |   |   |   |--- class: 55
|   |   |   |   |   |   |   |   |--- feature_12 >  0.50
|   |   |   |   |   |   |   |   |   |--- class: 59
|   |   |   |   |   |   |   |--- feature_19 >  1.50
|   |   |   |   |   |   |   |   |--- feature_12 <= 1.50
|   |   |   |   |   |   |   |   |   |--- class: 32
|   |   |   |   |   |   |   |   |--- feature_12 >  1.50
|   |   |   |   |   |   |   |   |   |--- feature_10 <= 3.50
|   |   |   |   |   |   |   |   |   |   |--- class: 39
|   |   |   |   |   |   |   |   |   |--- feature_10 >  3.50
|   |   |   |   |   |   |   |   |   |   |--- class: 47
|   |   |   |   |   |--- feature_8 >  1.50
|   |   |   |   |   |   |--- feature_17 <= 0.50
|   |   |   |   |   |   |   |--- class: 52
|   |   |   |   |   |   |--- feature_17 >  0.50
|   |   |   |   |   |   |   |--- feature_14 <= 0.50
|   |   |   |   |   |   |   |   |--- feature_3 <= 1.00
|   |   |   |   |   |   |   |   |   |--- feature_16 <= 2.50
|   |   |   |   |   |   |   |   |   |   |--- class: 32
|   |   |   |   |   |   |   |   |   |--- feature_16 >  2.50
|   |   |   |   |   |   |   |   |   |   |--- class: 38
|   |   |   |   |   |   |   |   |--- feature_3 >  1.00
|   |   |   |   |   |   |   |   |   |--- feature_13 <= 3.50
|   |   |   |   |   |   |   |   |   |   |--- class: 37
|   |   |   |   |   |   |   |   |   |--- feature_13 >  3.50
|   |   |   |   |   |   |   |   |   |   |--- class: 51
|   |   |   |   |   |   |   |--- feature_14 >  0.50
|   |   |   |   |   |   |   |   |--- feature_5 <= 0.50
|   |   |   |   |   |   |   |   |   |--- feature_17 <= 1.50
|   |   |   |   |   |   |   |   |   |   |--- class: 57
|   |   |   |   |   |   |   |   |   |--- feature_17 >  1.50
|   |   |   |   |   |   |   |   |   |   |--- class: 46
|   |   |   |   |   |   |   |   |--- feature_5 >  0.50
|   |   |   |   |   |   |   |   |   |--- feature_15 <= 0.50
|   |   |   |   |   |   |   |   |   |   |--- feature_3 <= 0.50
|   |   |   |   |   |   |   |   |   |   |   |--- class: 41
|   |   |   |   |   |   |   |   |   |   |--- feature_3 >  0.50
|   |   |   |   |   |   |   |   |   |   |   |--- class: 33
|   |   |   |   |   |   |   |   |   |--- feature_15 >  0.50
|   |   |   |   |   |   |   |   |   |   |--- feature_9 <= 0.50
|   |   |   |   |   |   |   |   |   |   |   |--- class: 54
|   |   |   |   |   |   |   |   |   |   |--- feature_9 >  0.50
|   |   |   |   |   |   |   |   |   |   |   |--- truncated branch of depth 2
